<?xml version="1.0" encoding="UTF-8"?>
<coverage generated="1763112217979" clover="3.2.0">
  <project timestamp="1763112217979" name="All files">
    <metrics statements="103" coveredstatements="102" conditionals="76" coveredconditionals="68" methods="26" coveredmethods="26" elements="205" coveredelements="196" complexity="0" loc="103" ncloc="103" packages="4" files="5" classes="5"/>
    <package name="components.Product">
      <metrics statements="16" coveredstatements="15" conditionals="16" coveredconditionals="10" methods="5" coveredmethods="5"/>
      <file name="ProductForm.jsx" path="D:\Project_KTPM\FloginFE_BE\frontend\src\components\Product\ProductForm.jsx">
        <metrics statements="16" coveredstatements="15" conditionals="16" coveredconditionals="10" methods="5" coveredmethods="5"/>
        <line num="4" count="16" type="stmt"/>
        <line num="5" count="16" type="stmt"/>
        <line num="7" count="16" type="stmt"/>
        <line num="8" count="4" type="cond" truecount="1" falsecount="1"/>
        <line num="9" count="0" type="stmt"/>
        <line num="15" count="4" type="stmt"/>
        <line num="19" count="16" type="stmt"/>
        <line num="20" count="6" type="stmt"/>
        <line num="21" count="6" type="stmt"/>
        <line num="24" count="16" type="stmt"/>
        <line num="26" count="2" type="stmt"/>
        <line num="29" count="2" type="stmt"/>
        <line num="36" count="2" type="cond" truecount="1" falsecount="1"/>
        <line num="39" count="2" type="cond" truecount="1" falsecount="1"/>
        <line num="40" count="2" type="stmt"/>
        <line num="44" count="16" type="stmt"/>
      </file>
    </package>
    <package name="pages.LoginPage">
      <metrics statements="17" coveredstatements="17" conditionals="6" coveredconditionals="5" methods="5" coveredmethods="5"/>
      <file name="LoginPage.jsx" path="D:\Project_KTPM\FloginFE_BE\frontend\src\pages\LoginPage\LoginPage.jsx">
        <metrics statements="17" coveredstatements="17" conditionals="6" coveredconditionals="5" methods="5" coveredmethods="5"/>
        <line num="6" count="1" type="stmt"/>
        <line num="7" count="10" type="stmt"/>
        <line num="8" count="10" type="stmt"/>
        <line num="9" count="10" type="stmt"/>
        <line num="10" count="10" type="stmt"/>
        <line num="12" count="10" type="stmt"/>
        <line num="13" count="2" type="stmt"/>
        <line num="14" count="2" type="stmt"/>
        <line num="16" count="2" type="stmt"/>
        <line num="17" count="2" type="stmt"/>
        <line num="18" count="1" type="stmt"/>
        <line num="19" count="1" type="stmt"/>
        <line num="21" count="1" type="cond" truecount="1" falsecount="1"/>
        <line num="22" count="1" type="stmt"/>
        <line num="26" count="10" type="stmt"/>
        <line num="36" count="2" type="stmt"/>
        <line num="47" count="2" type="stmt"/>
      </file>
    </package>
    <package name="pages.ProductPage">
      <metrics statements="27" coveredstatements="27" conditionals="2" coveredconditionals="1" methods="13" coveredmethods="13"/>
      <file name="ProductPage.jsx" path="D:\Project_KTPM\FloginFE_BE\frontend\src\pages\ProductPage\ProductPage.jsx">
        <metrics statements="27" coveredstatements="27" conditionals="2" coveredconditionals="1" methods="13" coveredmethods="13"/>
        <line num="6" count="11" type="stmt"/>
        <line num="7" count="11" type="stmt"/>
        <line num="8" count="11" type="stmt"/>
        <line num="9" count="11" type="stmt"/>
        <line num="11" count="11" type="stmt"/>
        <line num="12" count="3" type="stmt"/>
        <line num="15" count="11" type="stmt"/>
        <line num="16" count="3" type="stmt"/>
        <line num="17" count="3" type="stmt"/>
        <line num="20" count="11" type="stmt"/>
        <line num="21" count="1" type="stmt"/>
        <line num="22" count="1" type="stmt"/>
        <line num="23" count="1" type="stmt"/>
        <line num="24" count="1" type="stmt"/>
        <line num="25" count="1" type="stmt"/>
        <line num="26" count="1" type="stmt"/>
        <line num="27" count="1" type="stmt"/>
        <line num="30" count="11" type="stmt"/>
        <line num="31" count="1" type="cond" truecount="1" falsecount="1"/>
        <line num="32" count="1" type="stmt"/>
        <line num="33" count="2" type="stmt"/>
        <line num="37" count="11" type="stmt"/>
        <line num="45" count="1" type="stmt"/>
        <line num="51" count="1" type="stmt"/>
        <line num="57" count="1" type="stmt"/>
        <line num="74" count="16" type="stmt"/>
        <line num="79" count="1" type="stmt"/>
      </file>
    </package>
    <package name="utils">
      <metrics statements="43" coveredstatements="43" conditionals="52" coveredconditionals="52" methods="3" coveredmethods="3"/>
      <file name="loginValidation.js" path="D:\Project_KTPM\FloginFE_BE\frontend\src\utils\loginValidation.js">
        <metrics statements="22" coveredstatements="22" conditionals="18" coveredconditionals="18" methods="2" coveredmethods="2"/>
        <line num="1" count="1" type="stmt"/>
        <line num="3" count="5" type="cond" truecount="2" falsecount="0"/>
        <line num="4" count="1" type="stmt"/>
        <line num="7" count="4" type="cond" truecount="2" falsecount="0"/>
        <line num="8" count="1" type="stmt"/>
        <line num="11" count="3" type="cond" truecount="2" falsecount="0"/>
        <line num="12" count="1" type="stmt"/>
        <line num="15" count="2" type="cond" truecount="2" falsecount="0"/>
        <line num="16" count="1" type="stmt"/>
        <line num="19" count="1" type="stmt"/>
        <line num="22" count="1" type="stmt"/>
        <line num="24" count="6" type="cond" truecount="2" falsecount="0"/>
        <line num="25" count="1" type="stmt"/>
        <line num="28" count="5" type="cond" truecount="2" falsecount="0"/>
        <line num="29" count="1" type="stmt"/>
        <line num="32" count="4" type="cond" truecount="2" falsecount="0"/>
        <line num="33" count="1" type="stmt"/>
        <line num="36" count="3" type="cond" truecount="2" falsecount="0"/>
        <line num="37" count="1" type="stmt"/>
        <line num="40" count="2" type="cond" truecount="2" falsecount="0"/>
        <line num="41" count="1" type="stmt"/>
        <line num="44" count="1" type="stmt"/>
      </file>
      <file name="productValidation.js" path="D:\Project_KTPM\FloginFE_BE\frontend\src\utils\productValidation.js">
        <metrics statements="21" coveredstatements="21" conditionals="34" coveredconditionals="34" methods="1" coveredmethods="1"/>
        <line num="1" count="1" type="stmt"/>
        <line num="2" count="9" type="stmt"/>
        <line num="5" count="9" type="cond" truecount="4" falsecount="0"/>
        <line num="6" count="1" type="stmt"/>
        <line num="7" count="8" type="cond" truecount="2" falsecount="0"/>
        <line num="8" count="1" type="stmt"/>
        <line num="9" count="7" type="cond" truecount="2" falsecount="0"/>
        <line num="10" count="1" type="stmt"/>
        <line num="14" count="9" type="cond" truecount="5" falsecount="0"/>
        <line num="15" count="1" type="stmt"/>
        <line num="16" count="8" type="cond" truecount="4" falsecount="0"/>
        <line num="17" count="1" type="stmt"/>
        <line num="21" count="9" type="cond" truecount="5" falsecount="0"/>
        <line num="22" count="1" type="stmt"/>
        <line num="23" count="8" type="cond" truecount="4" falsecount="0"/>
        <line num="24" count="1" type="stmt"/>
        <line num="28" count="9" type="cond" truecount="4" falsecount="0"/>
        <line num="29" count="1" type="stmt"/>
        <line num="33" count="9" type="cond" truecount="4" falsecount="0"/>
        <line num="34" count="1" type="stmt"/>
        <line num="37" count="9" type="stmt"/>
      </file>
    </package>
  </project>
</coverage>
