{"D:\\Project_KTPM\\FloginFE_BE\\frontend\\src\\App.jsx": {"path":"D:\\Project_KTPM\\FloginFE_BE\\frontend\\src\\App.jsx","all":true,"statementMap":{"0":{"start":{"line":1,"column":0},"end":{"line":1,"column":22}},"1":{"start":{"line":2,"column":0},"end":{"line":2,"column":49}},"2":{"start":{"line":3,"column":0},"end":{"line":3,"column":52}},"3":{"start":{"line":4,"column":0},"end":{"line":4,"column":58}},"4":{"start":{"line":5,"column":0},"end":{"line":5,"column":0}},"5":{"start":{"line":6,"column":0},"end":{"line":6,"column":16}},"6":{"start":{"line":7,"column":0},"end":{"line":7,"column":12}},"7":{"start":{"line":8,"column":0},"end":{"line":8,"column":16}},"8":{"start":{"line":9,"column":0},"end":{"line":9,"column":59}},"9":{"start":{"line":10,"column":0},"end":{"line":10,"column":64}},"10":{"start":{"line":11,"column":0},"end":{"line":11,"column":59}},"11":{"start":{"line":12,"column":0},"end":{"line":12,"column":54}},"12":{"start":{"line":13,"column":0},"end":{"line":13,"column":17}},"13":{"start":{"line":14,"column":0},"end":{"line":14,"column":6}},"14":{"start":{"line":15,"column":0},"end":{"line":15,"column":1}},"15":{"start":{"line":16,"column":0},"end":{"line":16,"column":19}}},"s":{"0":0,"1":0,"2":0,"3":0,"4":0,"5":0,"6":0,"7":0,"8":0,"9":0,"10":0,"11":0,"12":0,"13":0,"14":0,"15":0},"branchMap":{"0":{"type":"branch","line":1,"loc":{"start":{"line":1,"column":0},"end":{"line":16,"column":-275}},"locations":[{"start":{"line":1,"column":0},"end":{"line":16,"column":-275}}]}},"b":{"0":[0]},"fnMap":{"0":{"name":"(empty-report)","decl":{"start":{"line":1,"column":0},"end":{"line":16,"column":-275}},"loc":{"start":{"line":1,"column":0},"end":{"line":16,"column":-275}},"line":1}},"f":{"0":0}}
,"D:\\Project_KTPM\\FloginFE_BE\\frontend\\src\\main.jsx": {"path":"D:\\Project_KTPM\\FloginFE_BE\\frontend\\src\\main.jsx","all":true,"statementMap":{"0":{"start":{"line":1,"column":0},"end":{"line":1,"column":23}},"1":{"start":{"line":2,"column":0},"end":{"line":2,"column":25}},"2":{"start":{"line":3,"column":0},"end":{"line":3,"column":39}},"3":{"start":{"line":4,"column":0},"end":{"line":4,"column":27}},"4":{"start":{"line":5,"column":0},"end":{"line":5,"column":59}},"5":{"start":{"line":6,"column":0},"end":{"line":6,"column":0}},"6":{"start":{"line":7,"column":0},"end":{"line":7,"column":60}},"7":{"start":{"line":8,"column":0},"end":{"line":8,"column":20}},"8":{"start":{"line":9,"column":0},"end":{"line":9,"column":35}},"9":{"start":{"line":10,"column":0},"end":{"line":10,"column":13}},"10":{"start":{"line":11,"column":0},"end":{"line":11,"column":20}},"11":{"start":{"line":12,"column":0},"end":{"line":12,"column":22}},"12":{"start":{"line":13,"column":0},"end":{"line":13,"column":1}}},"s":{"0":0,"1":0,"2":0,"3":0,"4":0,"5":0,"6":0,"7":0,"8":0,"9":0,"10":0,"11":0,"12":0},"branchMap":{"0":{"type":"branch","line":1,"loc":{"start":{"line":1,"column":368},"end":{"line":13,"column":1}},"locations":[{"start":{"line":1,"column":368},"end":{"line":13,"column":1}}]}},"b":{"0":[0]},"fnMap":{"0":{"name":"(empty-report)","decl":{"start":{"line":1,"column":368},"end":{"line":13,"column":1}},"loc":{"start":{"line":1,"column":368},"end":{"line":13,"column":1}},"line":1}},"f":{"0":0}}
,"D:\\Project_KTPM\\FloginFE_BE\\frontend\\src\\components\\Product\\ProductForm.jsx": {"path":"D:\\Project_KTPM\\FloginFE_BE\\frontend\\src\\components\\Product\\ProductForm.jsx","all":false,"statementMap":{"0":{"start":{"line":1,"column":0},"end":{"line":1,"column":51}},"1":{"start":{"line":2,"column":0},"end":{"line":2,"column":0}},"2":{"start":{"line":3,"column":0},"end":{"line":3,"column":66}},"3":{"start":{"line":4,"column":0},"end":{"line":4,"column":41}},"4":{"start":{"line":5,"column":0},"end":{"line":5,"column":82}},"5":{"start":{"line":6,"column":0},"end":{"line":6,"column":36}},"6":{"start":{"line":7,"column":0},"end":{"line":7,"column":0}},"7":{"start":{"line":8,"column":0},"end":{"line":8,"column":51}},"8":{"start":{"line":9,"column":0},"end":{"line":9,"column":41}},"9":{"start":{"line":10,"column":0},"end":{"line":10,"column":19}},"10":{"start":{"line":11,"column":0},"end":{"line":11,"column":20}},"11":{"start":{"line":12,"column":0},"end":{"line":12,"column":19}},"12":{"start":{"line":13,"column":0},"end":{"line":13,"column":33}},"13":{"start":{"line":14,"column":0},"end":{"line":14,"column":46}},"14":{"start":{"line":15,"column":0},"end":{"line":15,"column":52}},"15":{"start":{"line":16,"column":0},"end":{"line":16,"column":9}},"16":{"start":{"line":17,"column":0},"end":{"line":17,"column":12}},"17":{"start":{"line":18,"column":0},"end":{"line":18,"column":30}},"18":{"start":{"line":19,"column":0},"end":{"line":19,"column":57}},"19":{"start":{"line":20,"column":0},"end":{"line":20,"column":5}},"20":{"start":{"line":21,"column":0},"end":{"line":21,"column":22}},"21":{"start":{"line":22,"column":0},"end":{"line":22,"column":0}},"22":{"start":{"line":23,"column":0},"end":{"line":23,"column":31}},"23":{"start":{"line":24,"column":0},"end":{"line":24,"column":37}},"24":{"start":{"line":25,"column":0},"end":{"line":25,"column":54}},"25":{"start":{"line":26,"column":0},"end":{"line":26,"column":4}},"26":{"start":{"line":27,"column":0},"end":{"line":27,"column":0}},"27":{"start":{"line":28,"column":0},"end":{"line":28,"column":31}},"28":{"start":{"line":29,"column":0},"end":{"line":29,"column":23}},"29":{"start":{"line":30,"column":0},"end":{"line":30,"column":66}},"30":{"start":{"line":31,"column":0},"end":{"line":31,"column":47}},"31":{"start":{"line":32,"column":0},"end":{"line":32,"column":13}},"32":{"start":{"line":33,"column":0},"end":{"line":33,"column":5}},"33":{"start":{"line":34,"column":0},"end":{"line":34,"column":25}},"34":{"start":{"line":35,"column":0},"end":{"line":35,"column":26}},"35":{"start":{"line":36,"column":0},"end":{"line":36,"column":40}},"36":{"start":{"line":37,"column":0},"end":{"line":37,"column":48}},"37":{"start":{"line":38,"column":0},"end":{"line":38,"column":6}},"38":{"start":{"line":39,"column":0},"end":{"line":39,"column":63}},"39":{"start":{"line":40,"column":0},"end":{"line":40,"column":71}},"40":{"start":{"line":41,"column":0},"end":{"line":41,"column":4}},"41":{"start":{"line":42,"column":0},"end":{"line":42,"column":0}},"42":{"start":{"line":43,"column":0},"end":{"line":43,"column":10}},"43":{"start":{"line":44,"column":0},"end":{"line":44,"column":97}},"44":{"start":{"line":45,"column":0},"end":{"line":45,"column":12}},"45":{"start":{"line":46,"column":0},"end":{"line":46,"column":34}},"46":{"start":{"line":47,"column":0},"end":{"line":47,"column":19}},"47":{"start":{"line":48,"column":0},"end":{"line":48,"column":29}},"48":{"start":{"line":49,"column":0},"end":{"line":49,"column":31}},"49":{"start":{"line":50,"column":0},"end":{"line":50,"column":40}},"50":{"start":{"line":51,"column":0},"end":{"line":51,"column":8}},"51":{"start":{"line":52,"column":0},"end":{"line":52,"column":12}},"52":{"start":{"line":53,"column":0},"end":{"line":53,"column":25}},"53":{"start":{"line":54,"column":0},"end":{"line":54,"column":20}},"54":{"start":{"line":55,"column":0},"end":{"line":55,"column":21}},"55":{"start":{"line":56,"column":0},"end":{"line":56,"column":30}},"56":{"start":{"line":57,"column":0},"end":{"line":57,"column":31}},"57":{"start":{"line":58,"column":0},"end":{"line":58,"column":41}},"58":{"start":{"line":59,"column":0},"end":{"line":59,"column":8}},"59":{"start":{"line":60,"column":0},"end":{"line":60,"column":12}},"60":{"start":{"line":61,"column":0},"end":{"line":61,"column":30}},"61":{"start":{"line":62,"column":0},"end":{"line":62,"column":23}},"62":{"start":{"line":63,"column":0},"end":{"line":63,"column":21}},"63":{"start":{"line":64,"column":0},"end":{"line":64,"column":33}},"64":{"start":{"line":65,"column":0},"end":{"line":65,"column":31}},"65":{"start":{"line":66,"column":0},"end":{"line":66,"column":44}},"66":{"start":{"line":67,"column":0},"end":{"line":67,"column":8}},"67":{"start":{"line":68,"column":0},"end":{"line":68,"column":36}},"68":{"start":{"line":69,"column":0},"end":{"line":69,"column":66}},"69":{"start":{"line":70,"column":0},"end":{"line":70,"column":38}},"70":{"start":{"line":71,"column":0},"end":{"line":71,"column":17}},"71":{"start":{"line":72,"column":0},"end":{"line":72,"column":23}},"72":{"start":{"line":73,"column":0},"end":{"line":73,"column":85}},"73":{"start":{"line":74,"column":0},"end":{"line":74,"column":15}},"74":{"start":{"line":75,"column":0},"end":{"line":75,"column":19}},"75":{"start":{"line":76,"column":0},"end":{"line":76,"column":10}},"76":{"start":{"line":77,"column":0},"end":{"line":77,"column":12}},"77":{"start":{"line":78,"column":0},"end":{"line":78,"column":11}},"78":{"start":{"line":79,"column":0},"end":{"line":79,"column":4}},"79":{"start":{"line":80,"column":0},"end":{"line":80,"column":1}},"80":{"start":{"line":81,"column":0},"end":{"line":81,"column":0}},"81":{"start":{"line":82,"column":0},"end":{"line":82,"column":27}}},"s":{"0":1,"1":1,"2":47,"3":47,"4":47,"5":47,"6":47,"7":47,"8":47,"9":47,"10":13,"11":1,"12":1,"13":1,"14":1,"15":1,"16":13,"17":12,"18":12,"19":12,"20":47,"21":47,"22":47,"23":11,"24":11,"25":11,"26":47,"27":47,"28":5,"29":5,"30":2,"31":2,"32":2,"33":3,"34":3,"35":3,"36":3,"37":3,"38":3,"39":5,"40":5,"41":47,"42":47,"43":47,"44":47,"45":47,"46":47,"47":47,"48":47,"49":47,"50":47,"51":47,"52":47,"53":47,"54":47,"55":47,"56":47,"57":47,"58":47,"59":47,"60":47,"61":47,"62":47,"63":47,"64":47,"65":47,"66":47,"67":47,"68":47,"69":47,"70":47,"71":47,"72":3,"73":3,"74":3,"75":47,"76":47,"77":47,"78":47,"79":47,"80":1,"81":1},"branchMap":{"0":{"type":"branch","line":3,"loc":{"start":{"line":3,"column":0},"end":{"line":80,"column":1}},"locations":[{"start":{"line":3,"column":0},"end":{"line":80,"column":1}}]},"1":{"type":"branch","line":70,"loc":{"start":{"line":70,"column":11},"end":{"line":70,"column":31}},"locations":[{"start":{"line":70,"column":11},"end":{"line":70,"column":31}}]},"2":{"type":"branch","line":70,"loc":{"start":{"line":70,"column":23},"end":{"line":70,"column":38}},"locations":[{"start":{"line":70,"column":23},"end":{"line":70,"column":38}}]},"3":{"type":"branch","line":72,"loc":{"start":{"line":72,"column":9},"end":{"line":75,"column":19}},"locations":[{"start":{"line":72,"column":9},"end":{"line":75,"column":19}}]},"4":{"type":"branch","line":10,"loc":{"start":{"line":10,"column":12},"end":{"line":21,"column":5}},"locations":[{"start":{"line":10,"column":12},"end":{"line":21,"column":5}}]},"5":{"type":"branch","line":11,"loc":{"start":{"line":11,"column":19},"end":{"line":17,"column":11}},"locations":[{"start":{"line":11,"column":19},"end":{"line":17,"column":11}}]},"6":{"type":"branch","line":17,"loc":{"start":{"line":17,"column":4},"end":{"line":20,"column":5}},"locations":[{"start":{"line":17,"column":4},"end":{"line":20,"column":5}}]},"7":{"type":"branch","line":23,"loc":{"start":{"line":23,"column":23},"end":{"line":26,"column":4}},"locations":[{"start":{"line":23,"column":23},"end":{"line":26,"column":4}}]},"8":{"type":"branch","line":25,"loc":{"start":{"line":25,"column":16},"end":{"line":25,"column":52}},"locations":[{"start":{"line":25,"column":16},"end":{"line":25,"column":52}}]},"9":{"type":"branch","line":28,"loc":{"start":{"line":28,"column":23},"end":{"line":41,"column":4}},"locations":[{"start":{"line":28,"column":23},"end":{"line":41,"column":4}}]},"10":{"type":"branch","line":30,"loc":{"start":{"line":30,"column":36},"end":{"line":30,"column":65}},"locations":[{"start":{"line":30,"column":36},"end":{"line":30,"column":65}}]},"11":{"type":"branch","line":30,"loc":{"start":{"line":30,"column":65},"end":{"line":33,"column":5}},"locations":[{"start":{"line":30,"column":65},"end":{"line":33,"column":5}}]},"12":{"type":"branch","line":33,"loc":{"start":{"line":33,"column":4},"end":{"line":40,"column":65}},"locations":[{"start":{"line":33,"column":4},"end":{"line":40,"column":65}}]},"13":{"type":"branch","line":40,"loc":{"start":{"line":40,"column":30},"end":{"line":40,"column":65}},"locations":[{"start":{"line":40,"column":30},"end":{"line":40,"column":65}}]},"14":{"type":"branch","line":40,"loc":{"start":{"line":40,"column":60},"end":{"line":40,"column":69}},"locations":[{"start":{"line":40,"column":60},"end":{"line":40,"column":69}}]}},"b":{"0":[47],"1":[3],"2":[44],"3":[3],"4":[13],"5":[1],"6":[12],"7":[11],"8":[11],"9":[5],"10":[3],"11":[2],"12":[3],"13":[1],"14":[2]},"fnMap":{"0":{"name":"ProductForm","decl":{"start":{"line":3,"column":0},"end":{"line":80,"column":1}},"loc":{"start":{"line":3,"column":0},"end":{"line":80,"column":1}},"line":3},"1":{"name":"handleChange","decl":{"start":{"line":23,"column":23},"end":{"line":26,"column":4}},"loc":{"start":{"line":23,"column":23},"end":{"line":26,"column":4}},"line":23},"2":{"name":"handleSubmit","decl":{"start":{"line":28,"column":23},"end":{"line":41,"column":4}},"loc":{"start":{"line":28,"column":23},"end":{"line":41,"column":4}},"line":28}},"f":{"0":47,"1":11,"2":5}}
,"D:\\Project_KTPM\\FloginFE_BE\\frontend\\src\\components\\Product\\ProductList.jsx": {"path":"D:\\Project_KTPM\\FloginFE_BE\\frontend\\src\\components\\Product\\ProductList.jsx","all":false,"statementMap":{"0":{"start":{"line":1,"column":0},"end":{"line":1,"column":26}},"1":{"start":{"line":2,"column":0},"end":{"line":2,"column":0}},"2":{"start":{"line":3,"column":0},"end":{"line":3,"column":54}},"3":{"start":{"line":4,"column":0},"end":{"line":4,"column":10}},"4":{"start":{"line":5,"column":0},"end":{"line":5,"column":65}},"5":{"start":{"line":6,"column":0},"end":{"line":6,"column":13}},"6":{"start":{"line":7,"column":0},"end":{"line":7,"column":12}},"7":{"start":{"line":8,"column":0},"end":{"line":8,"column":31}},"8":{"start":{"line":9,"column":0},"end":{"line":9,"column":22}},"9":{"start":{"line":10,"column":0},"end":{"line":10,"column":27}},"10":{"start":{"line":11,"column":0},"end":{"line":11,"column":28}},"11":{"start":{"line":12,"column":0},"end":{"line":12,"column":13}},"12":{"start":{"line":13,"column":0},"end":{"line":13,"column":14}},"13":{"start":{"line":14,"column":0},"end":{"line":14,"column":13}},"14":{"start":{"line":15,"column":0},"end":{"line":15,"column":34}},"15":{"start":{"line":16,"column":0},"end":{"line":16,"column":74}},"16":{"start":{"line":17,"column":0},"end":{"line":17,"column":35}},"17":{"start":{"line":18,"column":0},"end":{"line":18,"column":36}},"18":{"start":{"line":19,"column":0},"end":{"line":19,"column":39}},"19":{"start":{"line":20,"column":0},"end":{"line":20,"column":36}},"20":{"start":{"line":21,"column":0},"end":{"line":21,"column":21}},"21":{"start":{"line":22,"column":0},"end":{"line":22,"column":47}},"22":{"start":{"line":23,"column":0},"end":{"line":23,"column":36}},"23":{"start":{"line":24,"column":0},"end":{"line":24,"column":54}},"24":{"start":{"line":25,"column":0},"end":{"line":25,"column":15}},"25":{"start":{"line":26,"column":0},"end":{"line":26,"column":19}},"26":{"start":{"line":27,"column":0},"end":{"line":27,"column":23}},"27":{"start":{"line":28,"column":0},"end":{"line":28,"column":21}},"28":{"start":{"line":29,"column":0},"end":{"line":29,"column":52}},"29":{"start":{"line":30,"column":0},"end":{"line":30,"column":38}},"30":{"start":{"line":31,"column":0},"end":{"line":31,"column":56}},"31":{"start":{"line":32,"column":0},"end":{"line":32,"column":15}},"32":{"start":{"line":33,"column":0},"end":{"line":33,"column":19}},"33":{"start":{"line":34,"column":0},"end":{"line":34,"column":23}},"34":{"start":{"line":35,"column":0},"end":{"line":35,"column":17}},"35":{"start":{"line":36,"column":0},"end":{"line":36,"column":15}},"36":{"start":{"line":37,"column":0},"end":{"line":37,"column":11}},"37":{"start":{"line":38,"column":0},"end":{"line":38,"column":14}},"38":{"start":{"line":39,"column":0},"end":{"line":39,"column":12}},"39":{"start":{"line":40,"column":0},"end":{"line":40,"column":4}},"40":{"start":{"line":41,"column":0},"end":{"line":41,"column":1}},"41":{"start":{"line":42,"column":0},"end":{"line":42,"column":0}},"42":{"start":{"line":43,"column":0},"end":{"line":43,"column":27}}},"s":{"0":1,"1":1,"2":19,"3":19,"4":19,"5":19,"6":19,"7":19,"8":19,"9":19,"10":19,"11":19,"12":19,"13":19,"14":19,"15":20,"16":20,"17":20,"18":20,"19":20,"20":20,"21":20,"22":20,"23":20,"24":20,"25":20,"26":20,"27":20,"28":20,"29":20,"30":20,"31":20,"32":20,"33":20,"34":20,"35":20,"36":19,"37":19,"38":19,"39":19,"40":19,"41":1,"42":1},"branchMap":{"0":{"type":"branch","line":3,"loc":{"start":{"line":3,"column":0},"end":{"line":41,"column":1}},"locations":[{"start":{"line":3,"column":0},"end":{"line":41,"column":1}}]},"1":{"type":"branch","line":15,"loc":{"start":{"line":15,"column":22},"end":{"line":36,"column":15}},"locations":[{"start":{"line":15,"column":22},"end":{"line":36,"column":15}}]},"2":{"type":"branch","line":22,"loc":{"start":{"line":22,"column":25},"end":{"line":22,"column":47}},"locations":[{"start":{"line":22,"column":25},"end":{"line":22,"column":47}}]},"3":{"type":"branch","line":29,"loc":{"start":{"line":29,"column":25},"end":{"line":29,"column":52}},"locations":[{"start":{"line":29,"column":25},"end":{"line":29,"column":52}}]}},"b":{"0":[19],"1":[20],"2":[1],"3":[2]},"fnMap":{"0":{"name":"ProductList","decl":{"start":{"line":3,"column":0},"end":{"line":41,"column":1}},"loc":{"start":{"line":3,"column":0},"end":{"line":41,"column":1}},"line":3},"1":{"name":"onClick","decl":{"start":{"line":22,"column":25},"end":{"line":22,"column":47}},"loc":{"start":{"line":22,"column":25},"end":{"line":22,"column":47}},"line":22},"2":{"name":"onClick","decl":{"start":{"line":29,"column":25},"end":{"line":29,"column":52}},"loc":{"start":{"line":29,"column":25},"end":{"line":29,"column":52}},"line":29}},"f":{"0":19,"1":1,"2":2}}
,"D:\\Project_KTPM\\FloginFE_BE\\frontend\\src\\pages\\LoginPage\\LoginPage.jsx": {"path":"D:\\Project_KTPM\\FloginFE_BE\\frontend\\src\\pages\\LoginPage\\LoginPage.jsx","all":false,"statementMap":{"0":{"start":{"line":1,"column":0},"end":{"line":1,"column":40}},"1":{"start":{"line":2,"column":0},"end":{"line":2,"column":47}},"2":{"start":{"line":3,"column":0},"end":{"line":3,"column":53}},"3":{"start":{"line":4,"column":0},"end":{"line":4,"column":81}},"4":{"start":{"line":5,"column":0},"end":{"line":5,"column":25}},"5":{"start":{"line":6,"column":0},"end":{"line":6,"column":0}},"6":{"start":{"line":7,"column":0},"end":{"line":7,"column":25}},"7":{"start":{"line":8,"column":0},"end":{"line":8,"column":33}},"8":{"start":{"line":9,"column":0},"end":{"line":9,"column":47}},"9":{"start":{"line":10,"column":0},"end":{"line":10,"column":47}},"10":{"start":{"line":11,"column":0},"end":{"line":11,"column":53}},"11":{"start":{"line":12,"column":0},"end":{"line":12,"column":43}},"12":{"start":{"line":13,"column":0},"end":{"line":13,"column":0}},"13":{"start":{"line":14,"column":0},"end":{"line":14,"column":37}},"14":{"start":{"line":15,"column":0},"end":{"line":15,"column":23}},"15":{"start":{"line":16,"column":0},"end":{"line":16,"column":24}},"16":{"start":{"line":17,"column":0},"end":{"line":17,"column":18}},"17":{"start":{"line":18,"column":0},"end":{"line":18,"column":0}},"18":{"start":{"line":19,"column":0},"end":{"line":19,"column":53}},"19":{"start":{"line":20,"column":0},"end":{"line":20,"column":53}},"20":{"start":{"line":21,"column":0},"end":{"line":21,"column":0}},"21":{"start":{"line":22,"column":0},"end":{"line":22,"column":41}},"22":{"start":{"line":23,"column":0},"end":{"line":23,"column":17}},"23":{"start":{"line":24,"column":0},"end":{"line":24,"column":32}},"24":{"start":{"line":25,"column":0},"end":{"line":25,"column":32}},"25":{"start":{"line":26,"column":0},"end":{"line":26,"column":9}},"26":{"start":{"line":27,"column":0},"end":{"line":27,"column":47}},"27":{"start":{"line":28,"column":0},"end":{"line":28,"column":5}},"28":{"start":{"line":29,"column":0},"end":{"line":29,"column":0}},"29":{"start":{"line":30,"column":0},"end":{"line":30,"column":56}},"30":{"start":{"line":31,"column":0},"end":{"line":31,"column":9}},"31":{"start":{"line":32,"column":0},"end":{"line":32,"column":62}},"32":{"start":{"line":33,"column":0},"end":{"line":33,"column":45}},"33":{"start":{"line":34,"column":0},"end":{"line":34,"column":92}},"34":{"start":{"line":35,"column":0},"end":{"line":35,"column":28}},"35":{"start":{"line":36,"column":0},"end":{"line":36,"column":19}},"36":{"start":{"line":37,"column":0},"end":{"line":37,"column":71}},"37":{"start":{"line":38,"column":0},"end":{"line":38,"column":45}},"38":{"start":{"line":39,"column":0},"end":{"line":39,"column":5}},"39":{"start":{"line":40,"column":0},"end":{"line":40,"column":4}},"40":{"start":{"line":41,"column":0},"end":{"line":41,"column":0}},"41":{"start":{"line":42,"column":0},"end":{"line":42,"column":10}},"42":{"start":{"line":43,"column":0},"end":{"line":43,"column":32}},"43":{"start":{"line":44,"column":0},"end":{"line":44,"column":39}},"44":{"start":{"line":45,"column":0},"end":{"line":45,"column":26}},"45":{"start":{"line":46,"column":0},"end":{"line":46,"column":116}},"46":{"start":{"line":47,"column":0},"end":{"line":47,"column":39}},"47":{"start":{"line":48,"column":0},"end":{"line":48,"column":59}},"48":{"start":{"line":49,"column":0},"end":{"line":49,"column":18}},"49":{"start":{"line":50,"column":0},"end":{"line":50,"column":27}},"50":{"start":{"line":51,"column":0},"end":{"line":51,"column":25}},"51":{"start":{"line":52,"column":0},"end":{"line":52,"column":30}},"52":{"start":{"line":53,"column":0},"end":{"line":53,"column":59}},"53":{"start":{"line":54,"column":0},"end":{"line":54,"column":42}},"54":{"start":{"line":55,"column":0},"end":{"line":55,"column":14}},"55":{"start":{"line":56,"column":0},"end":{"line":56,"column":47}},"56":{"start":{"line":57,"column":0},"end":{"line":57,"column":33}},"57":{"start":{"line":58,"column":0},"end":{"line":58,"column":75}},"58":{"start":{"line":59,"column":0},"end":{"line":59,"column":33}},"59":{"start":{"line":60,"column":0},"end":{"line":60,"column":18}},"60":{"start":{"line":61,"column":0},"end":{"line":61,"column":14}},"61":{"start":{"line":62,"column":0},"end":{"line":62,"column":16}},"62":{"start":{"line":63,"column":0},"end":{"line":63,"column":0}},"63":{"start":{"line":64,"column":0},"end":{"line":64,"column":39}},"64":{"start":{"line":65,"column":0},"end":{"line":65,"column":54}},"65":{"start":{"line":66,"column":0},"end":{"line":66,"column":18}},"66":{"start":{"line":67,"column":0},"end":{"line":67,"column":27}},"67":{"start":{"line":68,"column":0},"end":{"line":68,"column":29}},"68":{"start":{"line":69,"column":0},"end":{"line":69,"column":30}},"69":{"start":{"line":70,"column":0},"end":{"line":70,"column":59}},"70":{"start":{"line":71,"column":0},"end":{"line":71,"column":42}},"71":{"start":{"line":72,"column":0},"end":{"line":72,"column":14}},"72":{"start":{"line":73,"column":0},"end":{"line":73,"column":45}},"73":{"start":{"line":74,"column":0},"end":{"line":74,"column":33}},"74":{"start":{"line":75,"column":0},"end":{"line":75,"column":75}},"75":{"start":{"line":76,"column":0},"end":{"line":76,"column":33}},"76":{"start":{"line":77,"column":0},"end":{"line":77,"column":18}},"77":{"start":{"line":78,"column":0},"end":{"line":78,"column":14}},"78":{"start":{"line":79,"column":0},"end":{"line":79,"column":16}},"79":{"start":{"line":80,"column":0},"end":{"line":80,"column":0}},"80":{"start":{"line":81,"column":0},"end":{"line":81,"column":81}},"81":{"start":{"line":82,"column":0},"end":{"line":82,"column":21}},"82":{"start":{"line":83,"column":0},"end":{"line":83,"column":19}},"83":{"start":{"line":84,"column":0},"end":{"line":84,"column":15}},"84":{"start":{"line":85,"column":0},"end":{"line":85,"column":0}},"85":{"start":{"line":86,"column":0},"end":{"line":86,"column":63}},"86":{"start":{"line":87,"column":0},"end":{"line":87,"column":24}},"87":{"start":{"line":88,"column":0},"end":{"line":88,"column":12}},"88":{"start":{"line":89,"column":0},"end":{"line":89,"column":39}},"89":{"start":{"line":90,"column":0},"end":{"line":90,"column":56}},"90":{"start":{"line":91,"column":0},"end":{"line":91,"column":11}},"91":{"start":{"line":92,"column":0},"end":{"line":92,"column":29}},"92":{"start":{"line":93,"column":0},"end":{"line":93,"column":14}},"93":{"start":{"line":94,"column":0},"end":{"line":94,"column":10}},"94":{"start":{"line":95,"column":0},"end":{"line":95,"column":12}},"95":{"start":{"line":96,"column":0},"end":{"line":96,"column":10}},"96":{"start":{"line":97,"column":0},"end":{"line":97,"column":4}},"97":{"start":{"line":98,"column":0},"end":{"line":98,"column":2}},"98":{"start":{"line":99,"column":0},"end":{"line":99,"column":0}},"99":{"start":{"line":100,"column":0},"end":{"line":100,"column":25}}},"s":{"0":1,"1":1,"2":1,"3":1,"4":1,"5":1,"6":1,"7":30,"8":30,"9":30,"10":30,"11":30,"12":30,"13":30,"14":5,"15":5,"16":5,"17":5,"18":5,"19":5,"20":5,"21":5,"22":0,"23":0,"24":0,"25":0,"26":0,"27":0,"28":5,"29":5,"30":5,"31":5,"32":2,"33":5,"34":5,"35":5,"36":3,"37":3,"38":3,"39":5,"40":30,"41":30,"42":30,"43":30,"44":30,"45":30,"46":30,"47":30,"48":30,"49":30,"50":30,"51":30,"52":30,"53":30,"54":30,"55":30,"56":30,"57":0,"58":0,"59":0,"60":30,"61":30,"62":30,"63":30,"64":30,"65":30,"66":30,"67":30,"68":30,"69":30,"70":30,"71":30,"72":30,"73":30,"74":0,"75":0,"76":0,"77":30,"78":30,"79":30,"80":30,"81":30,"82":30,"83":30,"84":30,"85":30,"86":30,"87":7,"88":7,"89":7,"90":7,"91":7,"92":7,"93":30,"94":30,"95":30,"96":30,"97":30,"98":1,"99":1},"branchMap":{"0":{"type":"branch","line":7,"loc":{"start":{"line":7,"column":18},"end":{"line":98,"column":2}},"locations":[{"start":{"line":7,"column":18},"end":{"line":98,"column":2}}]},"1":{"type":"branch","line":57,"loc":{"start":{"line":57,"column":20},"end":{"line":60,"column":18}},"locations":[{"start":{"line":57,"column":20},"end":{"line":60,"column":18}}]},"2":{"type":"branch","line":74,"loc":{"start":{"line":74,"column":20},"end":{"line":77,"column":18}},"locations":[{"start":{"line":74,"column":20},"end":{"line":77,"column":18}}]},"3":{"type":"branch","line":87,"loc":{"start":{"line":87,"column":9},"end":{"line":93,"column":14}},"locations":[{"start":{"line":87,"column":9},"end":{"line":93,"column":14}}]},"4":{"type":"branch","line":14,"loc":{"start":{"line":14,"column":23},"end":{"line":40,"column":4}},"locations":[{"start":{"line":14,"column":23},"end":{"line":40,"column":4}}]},"5":{"type":"branch","line":22,"loc":{"start":{"line":22,"column":40},"end":{"line":28,"column":5}},"locations":[{"start":{"line":22,"column":40},"end":{"line":28,"column":5}}]},"6":{"type":"branch","line":32,"loc":{"start":{"line":32,"column":60},"end":{"line":34,"column":65}},"locations":[{"start":{"line":32,"column":60},"end":{"line":34,"column":65}}]},"7":{"type":"branch","line":34,"loc":{"start":{"line":34,"column":54},"end":{"line":34,"column":89}},"locations":[{"start":{"line":34,"column":54},"end":{"line":34,"column":89}}]},"8":{"type":"branch","line":36,"loc":{"start":{"line":36,"column":4},"end":{"line":39,"column":5}},"locations":[{"start":{"line":36,"column":4},"end":{"line":39,"column":5}}]},"9":{"type":"branch","line":37,"loc":{"start":{"line":37,"column":23},"end":{"line":37,"column":50}},"locations":[{"start":{"line":37,"column":23},"end":{"line":37,"column":50}}]},"10":{"type":"branch","line":37,"loc":{"start":{"line":37,"column":39},"end":{"line":37,"column":71}},"locations":[{"start":{"line":37,"column":39},"end":{"line":37,"column":71}}]},"11":{"type":"branch","line":53,"loc":{"start":{"line":53,"column":24},"end":{"line":53,"column":59}},"locations":[{"start":{"line":53,"column":24},"end":{"line":53,"column":59}}]},"12":{"type":"branch","line":70,"loc":{"start":{"line":70,"column":24},"end":{"line":70,"column":59}},"locations":[{"start":{"line":70,"column":24},"end":{"line":70,"column":59}}]}},"b":{"0":[30],"1":[0],"2":[0],"3":[7],"4":[5],"5":[0],"6":[2],"7":[0],"8":[3],"9":[2],"10":[1],"11":[6],"12":[6]},"fnMap":{"0":{"name":"LoginPage","decl":{"start":{"line":7,"column":18},"end":{"line":98,"column":2}},"loc":{"start":{"line":7,"column":18},"end":{"line":98,"column":2}},"line":7},"1":{"name":"handleSubmit","decl":{"start":{"line":14,"column":23},"end":{"line":40,"column":4}},"loc":{"start":{"line":14,"column":23},"end":{"line":40,"column":4}},"line":14},"2":{"name":"onChange","decl":{"start":{"line":53,"column":24},"end":{"line":53,"column":59}},"loc":{"start":{"line":53,"column":24},"end":{"line":53,"column":59}},"line":53},"3":{"name":"onChange","decl":{"start":{"line":70,"column":24},"end":{"line":70,"column":59}},"loc":{"start":{"line":70,"column":24},"end":{"line":70,"column":59}},"line":70}},"f":{"0":30,"1":5,"2":6,"3":6}}
,"D:\\Project_KTPM\\FloginFE_BE\\frontend\\src\\pages\\ProductPage\\ProductPage.jsx": {"path":"D:\\Project_KTPM\\FloginFE_BE\\frontend\\src\\pages\\ProductPage\\ProductPage.jsx","all":false,"statementMap":{"0":{"start":{"line":1,"column":0},"end":{"line":1,"column":51}},"1":{"start":{"line":2,"column":0},"end":{"line":2,"column":59}},"2":{"start":{"line":3,"column":0},"end":{"line":3,"column":63}},"3":{"start":{"line":4,"column":0},"end":{"line":4,"column":63}},"4":{"start":{"line":5,"column":0},"end":{"line":5,"column":27}},"5":{"start":{"line":6,"column":0},"end":{"line":6,"column":0}},"6":{"start":{"line":7,"column":0},"end":{"line":7,"column":24}},"7":{"start":{"line":8,"column":0},"end":{"line":8,"column":47}},"8":{"start":{"line":9,"column":0},"end":{"line":9,"column":96}},"9":{"start":{"line":10,"column":0},"end":{"line":10,"column":0}},"10":{"start":{"line":11,"column":0},"end":{"line":11,"column":69}},"11":{"start":{"line":12,"column":0},"end":{"line":12,"column":19}},"12":{"start":{"line":13,"column":0},"end":{"line":13,"column":19}},"13":{"start":{"line":14,"column":0},"end":{"line":14,"column":9}},"14":{"start":{"line":15,"column":0},"end":{"line":15,"column":0}},"15":{"start":{"line":16,"column":0},"end":{"line":16,"column":38}},"16":{"start":{"line":17,"column":0},"end":{"line":17,"column":36}},"17":{"start":{"line":18,"column":0},"end":{"line":18,"column":9}},"18":{"start":{"line":19,"column":0},"end":{"line":19,"column":56}},"19":{"start":{"line":20,"column":0},"end":{"line":20,"column":6}},"20":{"start":{"line":21,"column":0},"end":{"line":21,"column":23}},"21":{"start":{"line":22,"column":0},"end":{"line":22,"column":46}},"22":{"start":{"line":23,"column":0},"end":{"line":23,"column":6}},"23":{"start":{"line":24,"column":0},"end":{"line":24,"column":44}},"24":{"start":{"line":25,"column":0},"end":{"line":25,"column":62}},"25":{"start":{"line":26,"column":0},"end":{"line":26,"column":45}},"26":{"start":{"line":27,"column":0},"end":{"line":27,"column":6}},"27":{"start":{"line":28,"column":0},"end":{"line":28,"column":60}},"28":{"start":{"line":29,"column":0},"end":{"line":29,"column":40}},"29":{"start":{"line":30,"column":0},"end":{"line":30,"column":34}},"30":{"start":{"line":31,"column":0},"end":{"line":31,"column":14}},"31":{"start":{"line":32,"column":0},"end":{"line":32,"column":77}},"32":{"start":{"line":33,"column":0},"end":{"line":33,"column":60}},"33":{"start":{"line":34,"column":0},"end":{"line":34,"column":7}},"34":{"start":{"line":35,"column":0},"end":{"line":35,"column":0}},"35":{"start":{"line":36,"column":0},"end":{"line":36,"column":21}},"36":{"start":{"line":37,"column":0},"end":{"line":37,"column":62}},"37":{"start":{"line":38,"column":0},"end":{"line":38,"column":5}},"38":{"start":{"line":39,"column":0},"end":{"line":39,"column":2}},"39":{"start":{"line":40,"column":0},"end":{"line":40,"column":0}},"40":{"start":{"line":41,"column":0},"end":{"line":41,"column":52}},"41":{"start":{"line":42,"column":0},"end":{"line":42,"column":55}},"42":{"start":{"line":43,"column":0},"end":{"line":43,"column":9}},"43":{"start":{"line":44,"column":0},"end":{"line":44,"column":15}},"44":{"start":{"line":45,"column":0},"end":{"line":45,"column":33}},"45":{"start":{"line":46,"column":0},"end":{"line":46,"column":77}},"46":{"start":{"line":47,"column":0},"end":{"line":47,"column":35}},"47":{"start":{"line":48,"column":0},"end":{"line":48,"column":66}},"48":{"start":{"line":49,"column":0},"end":{"line":49,"column":10}},"49":{"start":{"line":50,"column":0},"end":{"line":50,"column":14}},"50":{"start":{"line":51,"column":0},"end":{"line":51,"column":32}},"51":{"start":{"line":52,"column":0},"end":{"line":52,"column":73}},"52":{"start":{"line":53,"column":0},"end":{"line":53,"column":70}},"53":{"start":{"line":54,"column":0},"end":{"line":54,"column":7}},"54":{"start":{"line":55,"column":0},"end":{"line":55,"column":65}},"55":{"start":{"line":56,"column":0},"end":{"line":56,"column":21}},"56":{"start":{"line":57,"column":0},"end":{"line":57,"column":52}},"57":{"start":{"line":58,"column":0},"end":{"line":58,"column":38}},"58":{"start":{"line":59,"column":0},"end":{"line":59,"column":5}},"59":{"start":{"line":60,"column":0},"end":{"line":60,"column":4}},"60":{"start":{"line":61,"column":0},"end":{"line":61,"column":2}},"61":{"start":{"line":62,"column":0},"end":{"line":62,"column":66}},"62":{"start":{"line":63,"column":0},"end":{"line":63,"column":35}},"63":{"start":{"line":64,"column":0},"end":{"line":64,"column":30}},"64":{"start":{"line":65,"column":0},"end":{"line":65,"column":4}},"65":{"start":{"line":66,"column":0},"end":{"line":66,"column":0}},"66":{"start":{"line":67,"column":0},"end":{"line":67,"column":66}},"67":{"start":{"line":68,"column":0},"end":{"line":68,"column":38}},"68":{"start":{"line":69,"column":0},"end":{"line":69,"column":68}},"69":{"start":{"line":70,"column":0},"end":{"line":70,"column":11}},"70":{"start":{"line":71,"column":0},"end":{"line":71,"column":47}},"71":{"start":{"line":72,"column":0},"end":{"line":72,"column":59}},"72":{"start":{"line":73,"column":0},"end":{"line":73,"column":75}},"73":{"start":{"line":74,"column":0},"end":{"line":74,"column":23}},"74":{"start":{"line":75,"column":0},"end":{"line":75,"column":54}},"75":{"start":{"line":76,"column":0},"end":{"line":76,"column":40}},"76":{"start":{"line":77,"column":0},"end":{"line":77,"column":7}},"77":{"start":{"line":78,"column":0},"end":{"line":78,"column":5}},"78":{"start":{"line":79,"column":0},"end":{"line":79,"column":4}},"79":{"start":{"line":80,"column":0},"end":{"line":80,"column":0}},"80":{"start":{"line":81,"column":0},"end":{"line":81,"column":10}},"81":{"start":{"line":82,"column":0},"end":{"line":82,"column":61}},"82":{"start":{"line":83,"column":0},"end":{"line":83,"column":51}},"83":{"start":{"line":84,"column":0},"end":{"line":84,"column":6}},"84":{"start":{"line":85,"column":0},"end":{"line":85,"column":69}},"85":{"start":{"line":86,"column":0},"end":{"line":86,"column":18}},"86":{"start":{"line":87,"column":0},"end":{"line":87,"column":39}},"87":{"start":{"line":88,"column":0},"end":{"line":88,"column":37}},"88":{"start":{"line":89,"column":0},"end":{"line":89,"column":48}},"89":{"start":{"line":90,"column":0},"end":{"line":90,"column":8}},"90":{"start":{"line":91,"column":0},"end":{"line":91,"column":6}},"91":{"start":{"line":92,"column":0},"end":{"line":92,"column":41}},"92":{"start":{"line":93,"column":0},"end":{"line":93,"column":6}},"93":{"start":{"line":94,"column":0},"end":{"line":94,"column":80}},"94":{"start":{"line":95,"column":0},"end":{"line":95,"column":18}},"95":{"start":{"line":96,"column":0},"end":{"line":96,"column":27}},"96":{"start":{"line":97,"column":0},"end":{"line":97,"column":27}},"97":{"start":{"line":98,"column":0},"end":{"line":98,"column":31}},"98":{"start":{"line":99,"column":0},"end":{"line":99,"column":8}},"99":{"start":{"line":100,"column":0},"end":{"line":100,"column":10}},"100":{"start":{"line":101,"column":0},"end":{"line":101,"column":4}},"101":{"start":{"line":102,"column":0},"end":{"line":102,"column":1}},"102":{"start":{"line":103,"column":0},"end":{"line":103,"column":0}},"103":{"start":{"line":104,"column":0},"end":{"line":104,"column":27}}},"s":{"0":1,"1":1,"2":1,"3":1,"4":1,"5":1,"6":19,"7":19,"8":19,"9":19,"10":19,"11":19,"12":7,"13":19,"14":19,"15":19,"16":19,"17":7,"18":7,"19":7,"20":7,"21":7,"22":7,"23":7,"24":7,"25":7,"26":7,"27":7,"28":7,"29":7,"30":7,"31":0,"32":0,"33":0,"34":7,"35":7,"36":0,"37":0,"38":7,"39":19,"40":19,"41":19,"42":3,"43":3,"44":1,"45":1,"46":1,"47":1,"48":1,"49":2,"50":2,"51":2,"52":2,"53":2,"54":3,"55":3,"56":0,"57":0,"58":0,"59":3,"60":19,"61":19,"62":19,"63":1,"64":1,"65":19,"66":19,"67":19,"68":2,"69":2,"70":2,"71":2,"72":2,"73":2,"74":0,"75":0,"76":0,"77":2,"78":2,"79":19,"80":19,"81":19,"82":19,"83":19,"84":19,"85":19,"86":19,"87":19,"88":19,"89":19,"90":19,"91":19,"92":19,"93":19,"94":19,"95":19,"96":19,"97":19,"98":19,"99":19,"100":19,"101":19,"102":1,"103":1},"branchMap":{"0":{"type":"branch","line":7,"loc":{"start":{"line":7,"column":0},"end":{"line":102,"column":1}},"locations":[{"start":{"line":7,"column":0},"end":{"line":102,"column":1}}]},"1":{"type":"branch","line":12,"loc":{"start":{"line":12,"column":12},"end":{"line":14,"column":5}},"locations":[{"start":{"line":12,"column":12},"end":{"line":14,"column":5}}]},"2":{"type":"branch","line":17,"loc":{"start":{"line":17,"column":23},"end":{"line":39,"column":2}},"locations":[{"start":{"line":17,"column":23},"end":{"line":39,"column":2}}]},"3":{"type":"branch","line":31,"loc":{"start":{"line":31,"column":6},"end":{"line":34,"column":7}},"locations":[{"start":{"line":31,"column":6},"end":{"line":34,"column":7}}]},"4":{"type":"branch","line":36,"loc":{"start":{"line":36,"column":4},"end":{"line":38,"column":5}},"locations":[{"start":{"line":36,"column":4},"end":{"line":38,"column":5}}]},"5":{"type":"branch","line":42,"loc":{"start":{"line":42,"column":27},"end":{"line":60,"column":4}},"locations":[{"start":{"line":42,"column":27},"end":{"line":60,"column":4}}]},"6":{"type":"branch","line":44,"loc":{"start":{"line":44,"column":14},"end":{"line":54,"column":7}},"locations":[{"start":{"line":44,"column":14},"end":{"line":54,"column":7}}]},"7":{"type":"branch","line":44,"loc":{"start":{"line":44,"column":14},"end":{"line":50,"column":13}},"locations":[{"start":{"line":44,"column":14},"end":{"line":50,"column":13}}]},"8":{"type":"branch","line":56,"loc":{"start":{"line":56,"column":4},"end":{"line":59,"column":5}},"locations":[{"start":{"line":56,"column":4},"end":{"line":59,"column":5}}]},"9":{"type":"branch","line":47,"loc":{"start":{"line":47,"column":20},"end":{"line":48,"column":66}},"locations":[{"start":{"line":47,"column":20},"end":{"line":48,"column":66}}]},"10":{"type":"branch","line":48,"loc":{"start":{"line":48,"column":27},"end":{"line":48,"column":65}},"locations":[{"start":{"line":48,"column":27},"end":{"line":48,"column":65}}]},"11":{"type":"branch","line":48,"loc":{"start":{"line":48,"column":42},"end":{"line":48,"column":63}},"locations":[{"start":{"line":48,"column":42},"end":{"line":48,"column":63}}]},"12":{"type":"branch","line":48,"loc":{"start":{"line":48,"column":56},"end":{"line":48,"column":65}},"locations":[{"start":{"line":48,"column":56},"end":{"line":48,"column":65}}]},"13":{"type":"branch","line":53,"loc":{"start":{"line":53,"column":20},"end":{"line":53,"column":68}},"locations":[{"start":{"line":53,"column":20},"end":{"line":53,"column":68}}]},"14":{"type":"branch","line":63,"loc":{"start":{"line":63,"column":21},"end":{"line":65,"column":4}},"locations":[{"start":{"line":63,"column":21},"end":{"line":65,"column":4}}]},"15":{"type":"branch","line":68,"loc":{"start":{"line":68,"column":23},"end":{"line":79,"column":4}},"locations":[{"start":{"line":68,"column":23},"end":{"line":79,"column":4}}]},"16":{"type":"branch","line":74,"loc":{"start":{"line":74,"column":6},"end":{"line":77,"column":7}},"locations":[{"start":{"line":74,"column":6},"end":{"line":77,"column":7}}]},"17":{"type":"branch","line":73,"loc":{"start":{"line":73,"column":20},"end":{"line":73,"column":73}},"locations":[{"start":{"line":73,"column":20},"end":{"line":73,"column":73}}]},"18":{"type":"branch","line":73,"loc":{"start":{"line":73,"column":56},"end":{"line":73,"column":72}},"locations":[{"start":{"line":73,"column":56},"end":{"line":73,"column":72}}]}},"b":{"0":[19],"1":[7],"2":[7],"3":[0],"4":[0],"5":[3],"6":[2],"7":[1],"8":[0],"9":[1],"10":[2],"11":[1],"12":[1],"13":[2],"14":[1],"15":[2],"16":[0],"17":[2],"18":[3]},"fnMap":{"0":{"name":"ProductPage","decl":{"start":{"line":7,"column":0},"end":{"line":102,"column":1}},"loc":{"start":{"line":7,"column":0},"end":{"line":102,"column":1}},"line":7},"1":{"name":"loadProducts","decl":{"start":{"line":17,"column":23},"end":{"line":39,"column":2}},"loc":{"start":{"line":17,"column":23},"end":{"line":39,"column":2}},"line":17},"2":{"name":"handleFormSubmit","decl":{"start":{"line":42,"column":27},"end":{"line":60,"column":4}},"loc":{"start":{"line":42,"column":27},"end":{"line":60,"column":4}},"line":42},"3":{"name":"handleEdit","decl":{"start":{"line":63,"column":21},"end":{"line":65,"column":4}},"loc":{"start":{"line":63,"column":21},"end":{"line":65,"column":4}},"line":63},"4":{"name":"handleDelete","decl":{"start":{"line":68,"column":23},"end":{"line":79,"column":4}},"loc":{"start":{"line":68,"column":23},"end":{"line":79,"column":4}},"line":68},"5":{"name":"clearEdit","decl":{"start":{"line":89,"column":19},"end":{"line":89,"column":48}},"loc":{"start":{"line":89,"column":19},"end":{"line":89,"column":48}},"line":89}},"f":{"0":19,"1":7,"2":3,"3":1,"4":2,"5":0}}
,"D:\\Project_KTPM\\FloginFE_BE\\frontend\\src\\services\\authService.js": {"path":"D:\\Project_KTPM\\FloginFE_BE\\frontend\\src\\services\\authService.js","all":false,"statementMap":{"0":{"start":{"line":1,"column":0},"end":{"line":1,"column":38}},"1":{"start":{"line":2,"column":0},"end":{"line":2,"column":49}},"2":{"start":{"line":3,"column":0},"end":{"line":3,"column":0}},"3":{"start":{"line":4,"column":0},"end":{"line":4,"column":33}},"4":{"start":{"line":5,"column":0},"end":{"line":5,"column":53}},"5":{"start":{"line":6,"column":0},"end":{"line":6,"column":49}},"6":{"start":{"line":7,"column":0},"end":{"line":7,"column":0}},"7":{"start":{"line":8,"column":0},"end":{"line":8,"column":39}},"8":{"start":{"line":9,"column":0},"end":{"line":9,"column":43}},"9":{"start":{"line":10,"column":0},"end":{"line":10,"column":17}},"10":{"start":{"line":11,"column":0},"end":{"line":11,"column":17}},"11":{"start":{"line":12,"column":0},"end":{"line":12,"column":7}},"12":{"start":{"line":13,"column":0},"end":{"line":13,"column":2}},"13":{"start":{"line":14,"column":0},"end":{"line":14,"column":0}},"14":{"start":{"line":15,"column":0},"end":{"line":15,"column":21}},"15":{"start":{"line":16,"column":0},"end":{"line":16,"column":10}},"16":{"start":{"line":17,"column":0},"end":{"line":17,"column":2}},"17":{"start":{"line":18,"column":0},"end":{"line":18,"column":0}},"18":{"start":{"line":19,"column":0},"end":{"line":19,"column":27}}},"s":{"0":1,"1":1,"2":1,"3":1,"4":1,"5":1,"6":1,"7":1,"8":0,"9":0,"10":0,"11":0,"12":0,"13":1,"14":1,"15":1,"16":1,"17":1,"18":1},"branchMap":{},"b":{},"fnMap":{"0":{"name":"login","decl":{"start":{"line":8,"column":14},"end":{"line":13,"column":2}},"loc":{"start":{"line":8,"column":14},"end":{"line":13,"column":2}},"line":8}},"f":{"0":0}}
,"D:\\Project_KTPM\\FloginFE_BE\\frontend\\src\\services\\productService.js": {"path":"D:\\Project_KTPM\\FloginFE_BE\\frontend\\src\\services\\productService.js","all":false,"statementMap":{"0":{"start":{"line":1,"column":0},"end":{"line":1,"column":54}},"1":{"start":{"line":2,"column":0},"end":{"line":2,"column":49}},"2":{"start":{"line":3,"column":0},"end":{"line":3,"column":0}},"3":{"start":{"line":4,"column":0},"end":{"line":4,"column":53}},"4":{"start":{"line":5,"column":0},"end":{"line":5,"column":0}},"5":{"start":{"line":6,"column":0},"end":{"line":6,"column":49}},"6":{"start":{"line":7,"column":0},"end":{"line":7,"column":61}},"7":{"start":{"line":8,"column":0},"end":{"line":8,"column":2}},"8":{"start":{"line":9,"column":0},"end":{"line":9,"column":0}},"9":{"start":{"line":10,"column":0},"end":{"line":10,"column":40}},"10":{"start":{"line":11,"column":0},"end":{"line":11,"column":44}},"11":{"start":{"line":12,"column":0},"end":{"line":12,"column":2}},"12":{"start":{"line":13,"column":0},"end":{"line":13,"column":0}},"13":{"start":{"line":14,"column":0},"end":{"line":14,"column":44}},"14":{"start":{"line":15,"column":0},"end":{"line":15,"column":54}},"15":{"start":{"line":16,"column":0},"end":{"line":16,"column":2}},"16":{"start":{"line":17,"column":0},"end":{"line":17,"column":0}},"17":{"start":{"line":18,"column":0},"end":{"line":18,"column":31}},"18":{"start":{"line":19,"column":0},"end":{"line":19,"column":44}},"19":{"start":{"line":20,"column":0},"end":{"line":20,"column":2}},"20":{"start":{"line":21,"column":0},"end":{"line":21,"column":0}},"21":{"start":{"line":22,"column":0},"end":{"line":22,"column":24}},"22":{"start":{"line":23,"column":0},"end":{"line":23,"column":19}},"23":{"start":{"line":24,"column":0},"end":{"line":24,"column":18}},"24":{"start":{"line":25,"column":0},"end":{"line":25,"column":18}},"25":{"start":{"line":26,"column":0},"end":{"line":26,"column":18}},"26":{"start":{"line":27,"column":0},"end":{"line":27,"column":2}},"27":{"start":{"line":28,"column":0},"end":{"line":28,"column":0}},"28":{"start":{"line":29,"column":0},"end":{"line":29,"column":30}}},"s":{"0":1,"1":1,"2":1,"3":1,"4":1,"5":1,"6":0,"7":0,"8":1,"9":1,"10":0,"11":0,"12":1,"13":1,"14":0,"15":0,"16":1,"17":1,"18":0,"19":0,"20":1,"21":1,"22":1,"23":1,"24":1,"25":1,"26":1,"27":1,"28":1},"branchMap":{},"b":{},"fnMap":{"0":{"name":"getAllProducts","decl":{"start":{"line":6,"column":23},"end":{"line":8,"column":2}},"loc":{"start":{"line":6,"column":23},"end":{"line":8,"column":2}},"line":6},"1":{"name":"createProduct","decl":{"start":{"line":10,"column":22},"end":{"line":12,"column":2}},"loc":{"start":{"line":10,"column":22},"end":{"line":12,"column":2}},"line":10},"2":{"name":"updateProduct","decl":{"start":{"line":14,"column":22},"end":{"line":16,"column":2}},"loc":{"start":{"line":14,"column":22},"end":{"line":16,"column":2}},"line":14},"3":{"name":"deleteProduct","decl":{"start":{"line":18,"column":22},"end":{"line":20,"column":2}},"loc":{"start":{"line":18,"column":22},"end":{"line":20,"column":2}},"line":18}},"f":{"0":0,"1":0,"2":0,"3":0}}
,"D:\\Project_KTPM\\FloginFE_BE\\frontend\\src\\utils\\loginValidation.js": {"path":"D:\\Project_KTPM\\FloginFE_BE\\frontend\\src\\utils\\loginValidation.js","all":false,"statementMap":{"0":{"start":{"line":1,"column":0},"end":{"line":1,"column":47}},"1":{"start":{"line":2,"column":0},"end":{"line":2,"column":0}},"2":{"start":{"line":3,"column":0},"end":{"line":3,"column":33}},"3":{"start":{"line":4,"column":0},"end":{"line":4,"column":51}},"4":{"start":{"line":5,"column":0},"end":{"line":5,"column":5}},"5":{"start":{"line":6,"column":0},"end":{"line":6,"column":0}},"6":{"start":{"line":7,"column":0},"end":{"line":7,"column":30}},"7":{"start":{"line":8,"column":0},"end":{"line":8,"column":55}},"8":{"start":{"line":9,"column":0},"end":{"line":9,"column":5}},"9":{"start":{"line":10,"column":0},"end":{"line":10,"column":0}},"10":{"start":{"line":11,"column":0},"end":{"line":11,"column":31}},"11":{"start":{"line":12,"column":0},"end":{"line":12,"column":60}},"12":{"start":{"line":13,"column":0},"end":{"line":13,"column":5}},"13":{"start":{"line":14,"column":0},"end":{"line":14,"column":0}},"14":{"start":{"line":15,"column":0},"end":{"line":15,"column":46}},"15":{"start":{"line":16,"column":0},"end":{"line":16,"column":75}},"16":{"start":{"line":17,"column":0},"end":{"line":17,"column":5}},"17":{"start":{"line":18,"column":0},"end":{"line":18,"column":0}},"18":{"start":{"line":19,"column":0},"end":{"line":19,"column":14}},"19":{"start":{"line":20,"column":0},"end":{"line":20,"column":2}},"20":{"start":{"line":21,"column":0},"end":{"line":21,"column":0}},"21":{"start":{"line":22,"column":0},"end":{"line":22,"column":47}},"22":{"start":{"line":23,"column":0},"end":{"line":23,"column":0}},"23":{"start":{"line":24,"column":0},"end":{"line":24,"column":33}},"24":{"start":{"line":25,"column":0},"end":{"line":25,"column":46}},"25":{"start":{"line":26,"column":0},"end":{"line":26,"column":5}},"26":{"start":{"line":27,"column":0},"end":{"line":27,"column":0}},"27":{"start":{"line":28,"column":0},"end":{"line":28,"column":30}},"28":{"start":{"line":29,"column":0},"end":{"line":29,"column":50}},"29":{"start":{"line":30,"column":0},"end":{"line":30,"column":5}},"30":{"start":{"line":31,"column":0},"end":{"line":31,"column":0}},"31":{"start":{"line":32,"column":0},"end":{"line":32,"column":32}},"32":{"start":{"line":33,"column":0},"end":{"line":33,"column":56}},"33":{"start":{"line":34,"column":0},"end":{"line":34,"column":5}},"34":{"start":{"line":35,"column":0},"end":{"line":35,"column":0}},"35":{"start":{"line":36,"column":0},"end":{"line":36,"column":37}},"36":{"start":{"line":37,"column":0},"end":{"line":37,"column":56}},"37":{"start":{"line":38,"column":0},"end":{"line":38,"column":5}},"38":{"start":{"line":39,"column":0},"end":{"line":39,"column":0}},"39":{"start":{"line":40,"column":0},"end":{"line":40,"column":31}},"40":{"start":{"line":41,"column":0},"end":{"line":41,"column":55}},"41":{"start":{"line":42,"column":0},"end":{"line":42,"column":5}},"42":{"start":{"line":43,"column":0},"end":{"line":43,"column":0}},"43":{"start":{"line":44,"column":0},"end":{"line":44,"column":14}},"44":{"start":{"line":45,"column":0},"end":{"line":45,"column":2}}},"s":{"0":1,"1":10,"2":10,"3":1,"4":1,"5":9,"6":10,"7":1,"8":1,"9":8,"10":10,"11":1,"12":1,"13":7,"14":10,"15":1,"16":1,"17":6,"18":6,"19":6,"20":1,"21":1,"22":11,"23":11,"24":1,"25":1,"26":10,"27":11,"28":1,"29":1,"30":9,"31":11,"32":1,"33":1,"34":8,"35":11,"36":1,"37":1,"38":7,"39":11,"40":1,"41":1,"42":6,"43":6,"44":6},"branchMap":{"0":{"type":"branch","line":1,"loc":{"start":{"line":1,"column":32},"end":{"line":20,"column":2}},"locations":[{"start":{"line":1,"column":32},"end":{"line":20,"column":2}}]},"1":{"type":"branch","line":3,"loc":{"start":{"line":3,"column":32},"end":{"line":5,"column":5}},"locations":[{"start":{"line":3,"column":32},"end":{"line":5,"column":5}}]},"2":{"type":"branch","line":6,"loc":{"start":{"line":6,"column":-2},"end":{"line":7,"column":29}},"locations":[{"start":{"line":6,"column":-2},"end":{"line":7,"column":29}}]},"3":{"type":"branch","line":7,"loc":{"start":{"line":7,"column":29},"end":{"line":9,"column":5}},"locations":[{"start":{"line":7,"column":29},"end":{"line":9,"column":5}}]},"4":{"type":"branch","line":10,"loc":{"start":{"line":10,"column":-2},"end":{"line":11,"column":30}},"locations":[{"start":{"line":10,"column":-2},"end":{"line":11,"column":30}}]},"5":{"type":"branch","line":11,"loc":{"start":{"line":11,"column":30},"end":{"line":13,"column":5}},"locations":[{"start":{"line":11,"column":30},"end":{"line":13,"column":5}}]},"6":{"type":"branch","line":14,"loc":{"start":{"line":14,"column":-2},"end":{"line":15,"column":45}},"locations":[{"start":{"line":14,"column":-2},"end":{"line":15,"column":45}}]},"7":{"type":"branch","line":15,"loc":{"start":{"line":15,"column":45},"end":{"line":20,"column":2}},"locations":[{"start":{"line":15,"column":45},"end":{"line":20,"column":2}}]},"8":{"type":"branch","line":15,"loc":{"start":{"line":15,"column":45},"end":{"line":17,"column":5}},"locations":[{"start":{"line":15,"column":45},"end":{"line":17,"column":5}}]},"9":{"type":"branch","line":22,"loc":{"start":{"line":22,"column":32},"end":{"line":45,"column":2}},"locations":[{"start":{"line":22,"column":32},"end":{"line":45,"column":2}}]},"10":{"type":"branch","line":24,"loc":{"start":{"line":24,"column":32},"end":{"line":26,"column":5}},"locations":[{"start":{"line":24,"column":32},"end":{"line":26,"column":5}}]},"11":{"type":"branch","line":27,"loc":{"start":{"line":27,"column":-2},"end":{"line":28,"column":29}},"locations":[{"start":{"line":27,"column":-2},"end":{"line":28,"column":29}}]},"12":{"type":"branch","line":28,"loc":{"start":{"line":28,"column":29},"end":{"line":30,"column":5}},"locations":[{"start":{"line":28,"column":29},"end":{"line":30,"column":5}}]},"13":{"type":"branch","line":31,"loc":{"start":{"line":31,"column":-2},"end":{"line":32,"column":31}},"locations":[{"start":{"line":31,"column":-2},"end":{"line":32,"column":31}}]},"14":{"type":"branch","line":32,"loc":{"start":{"line":32,"column":31},"end":{"line":34,"column":5}},"locations":[{"start":{"line":32,"column":31},"end":{"line":34,"column":5}}]},"15":{"type":"branch","line":35,"loc":{"start":{"line":35,"column":-2},"end":{"line":36,"column":36}},"locations":[{"start":{"line":35,"column":-2},"end":{"line":36,"column":36}}]},"16":{"type":"branch","line":36,"loc":{"start":{"line":36,"column":36},"end":{"line":38,"column":5}},"locations":[{"start":{"line":36,"column":36},"end":{"line":38,"column":5}}]},"17":{"type":"branch","line":39,"loc":{"start":{"line":39,"column":-2},"end":{"line":40,"column":30}},"locations":[{"start":{"line":39,"column":-2},"end":{"line":40,"column":30}}]},"18":{"type":"branch","line":40,"loc":{"start":{"line":40,"column":30},"end":{"line":45,"column":2}},"locations":[{"start":{"line":40,"column":30},"end":{"line":45,"column":2}}]},"19":{"type":"branch","line":40,"loc":{"start":{"line":40,"column":30},"end":{"line":42,"column":5}},"locations":[{"start":{"line":40,"column":30},"end":{"line":42,"column":5}}]}},"b":{"0":[10],"1":[1],"2":[9],"3":[1],"4":[8],"5":[1],"6":[7],"7":[6],"8":[1],"9":[11],"10":[1],"11":[10],"12":[1],"13":[9],"14":[1],"15":[8],"16":[1],"17":[7],"18":[6],"19":[1]},"fnMap":{"0":{"name":"validateUsername","decl":{"start":{"line":1,"column":32},"end":{"line":20,"column":2}},"loc":{"start":{"line":1,"column":32},"end":{"line":20,"column":2}},"line":1},"1":{"name":"validatePassword","decl":{"start":{"line":22,"column":32},"end":{"line":45,"column":2}},"loc":{"start":{"line":22,"column":32},"end":{"line":45,"column":2}},"line":22}},"f":{"0":10,"1":11}}
,"D:\\Project_KTPM\\FloginFE_BE\\frontend\\src\\utils\\productValidation.js": {"path":"D:\\Project_KTPM\\FloginFE_BE\\frontend\\src\\utils\\productValidation.js","all":false,"statementMap":{"0":{"start":{"line":1,"column":0},"end":{"line":1,"column":45}},"1":{"start":{"line":2,"column":0},"end":{"line":2,"column":22}},"2":{"start":{"line":3,"column":0},"end":{"line":3,"column":0}},"3":{"start":{"line":4,"column":0},"end":{"line":4,"column":35}},"4":{"start":{"line":5,"column":0},"end":{"line":5,"column":54}},"5":{"start":{"line":6,"column":0},"end":{"line":6,"column":57}},"6":{"start":{"line":7,"column":0},"end":{"line":7,"column":41}},"7":{"start":{"line":8,"column":0},"end":{"line":8,"column":61}},"8":{"start":{"line":9,"column":0},"end":{"line":9,"column":43}},"9":{"start":{"line":10,"column":0},"end":{"line":10,"column":67}},"10":{"start":{"line":11,"column":0},"end":{"line":11,"column":5}},"11":{"start":{"line":12,"column":0},"end":{"line":12,"column":0}},"12":{"start":{"line":13,"column":0},"end":{"line":13,"column":45}},"13":{"start":{"line":14,"column":0},"end":{"line":14,"column":88}},"14":{"start":{"line":15,"column":0},"end":{"line":15,"column":58}},"15":{"start":{"line":16,"column":0},"end":{"line":16,"column":68}},"16":{"start":{"line":17,"column":0},"end":{"line":17,"column":53}},"17":{"start":{"line":18,"column":0},"end":{"line":18,"column":5}},"18":{"start":{"line":19,"column":0},"end":{"line":19,"column":0}},"19":{"start":{"line":20,"column":0},"end":{"line":20,"column":31}},"20":{"start":{"line":21,"column":0},"end":{"line":21,"column":97}},"21":{"start":{"line":22,"column":0},"end":{"line":22,"column":57}},"22":{"start":{"line":23,"column":0},"end":{"line":23,"column":73}},"23":{"start":{"line":24,"column":0},"end":{"line":24,"column":57}},"24":{"start":{"line":25,"column":0},"end":{"line":25,"column":5}},"25":{"start":{"line":26,"column":0},"end":{"line":26,"column":0}},"26":{"start":{"line":27,"column":0},"end":{"line":27,"column":30}},"27":{"start":{"line":28,"column":0},"end":{"line":28,"column":66}},"28":{"start":{"line":29,"column":0},"end":{"line":29,"column":67}},"29":{"start":{"line":30,"column":0},"end":{"line":30,"column":5}},"30":{"start":{"line":31,"column":0},"end":{"line":31,"column":0}},"31":{"start":{"line":32,"column":0},"end":{"line":32,"column":31}},"32":{"start":{"line":33,"column":0},"end":{"line":33,"column":62}},"33":{"start":{"line":34,"column":0},"end":{"line":34,"column":57}},"34":{"start":{"line":35,"column":0},"end":{"line":35,"column":5}},"35":{"start":{"line":36,"column":0},"end":{"line":36,"column":0}},"36":{"start":{"line":37,"column":0},"end":{"line":37,"column":18}},"37":{"start":{"line":38,"column":0},"end":{"line":38,"column":2}}},"s":{"0":1,"1":9,"2":9,"3":9,"4":9,"5":1,"6":9,"7":1,"8":8,"9":1,"10":1,"11":9,"12":9,"13":9,"14":1,"15":9,"16":1,"17":1,"18":9,"19":9,"20":9,"21":1,"22":9,"23":1,"24":1,"25":9,"26":9,"27":9,"28":1,"29":1,"30":9,"31":9,"32":9,"33":1,"34":1,"35":9,"36":9,"37":9},"branchMap":{"0":{"type":"branch","line":1,"loc":{"start":{"line":1,"column":31},"end":{"line":38,"column":2}},"locations":[{"start":{"line":1,"column":31},"end":{"line":38,"column":2}}]},"1":{"type":"branch","line":5,"loc":{"start":{"line":5,"column":22},"end":{"line":5,"column":51}},"locations":[{"start":{"line":5,"column":22},"end":{"line":5,"column":51}}]},"2":{"type":"branch","line":5,"loc":{"start":{"line":5,"column":53},"end":{"line":7,"column":5}},"locations":[{"start":{"line":5,"column":53},"end":{"line":7,"column":5}}]},"3":{"type":"branch","line":7,"loc":{"start":{"line":7,"column":5},"end":{"line":11,"column":5}},"locations":[{"start":{"line":7,"column":5},"end":{"line":11,"column":5}}]},"4":{"type":"branch","line":7,"loc":{"start":{"line":7,"column":40},"end":{"line":9,"column":5}},"locations":[{"start":{"line":7,"column":40},"end":{"line":9,"column":5}}]},"5":{"type":"branch","line":9,"loc":{"start":{"line":9,"column":5},"end":{"line":11,"column":5}},"locations":[{"start":{"line":9,"column":5},"end":{"line":11,"column":5}}]},"6":{"type":"branch","line":9,"loc":{"start":{"line":9,"column":42},"end":{"line":11,"column":5}},"locations":[{"start":{"line":9,"column":42},"end":{"line":11,"column":5}}]},"7":{"type":"branch","line":14,"loc":{"start":{"line":14,"column":87},"end":{"line":16,"column":5}},"locations":[{"start":{"line":14,"column":87},"end":{"line":16,"column":5}}]},"8":{"type":"branch","line":16,"loc":{"start":{"line":16,"column":5},"end":{"line":18,"column":5}},"locations":[{"start":{"line":16,"column":5},"end":{"line":18,"column":5}}]},"9":{"type":"branch","line":16,"loc":{"start":{"line":16,"column":67},"end":{"line":18,"column":5}},"locations":[{"start":{"line":16,"column":67},"end":{"line":18,"column":5}}]},"10":{"type":"branch","line":21,"loc":{"start":{"line":21,"column":96},"end":{"line":23,"column":5}},"locations":[{"start":{"line":21,"column":96},"end":{"line":23,"column":5}}]},"11":{"type":"branch","line":23,"loc":{"start":{"line":23,"column":5},"end":{"line":25,"column":5}},"locations":[{"start":{"line":23,"column":5},"end":{"line":25,"column":5}}]},"12":{"type":"branch","line":23,"loc":{"start":{"line":23,"column":72},"end":{"line":25,"column":5}},"locations":[{"start":{"line":23,"column":72},"end":{"line":25,"column":5}}]},"13":{"type":"branch","line":28,"loc":{"start":{"line":28,"column":28},"end":{"line":28,"column":63}},"locations":[{"start":{"line":28,"column":28},"end":{"line":28,"column":63}}]},"14":{"type":"branch","line":28,"loc":{"start":{"line":28,"column":65},"end":{"line":30,"column":5}},"locations":[{"start":{"line":28,"column":65},"end":{"line":30,"column":5}}]},"15":{"type":"branch","line":33,"loc":{"start":{"line":33,"column":26},"end":{"line":33,"column":59}},"locations":[{"start":{"line":33,"column":26},"end":{"line":33,"column":59}}]},"16":{"type":"branch","line":33,"loc":{"start":{"line":33,"column":61},"end":{"line":35,"column":5}},"locations":[{"start":{"line":33,"column":61},"end":{"line":35,"column":5}}]}},"b":{"0":[9],"1":[8],"2":[1],"3":[8],"4":[1],"5":[7],"6":[1],"7":[1],"8":[8],"9":[1],"10":[1],"11":[8],"12":[1],"13":[1],"14":[1],"15":[8],"16":[1]},"fnMap":{"0":{"name":"validateProduct","decl":{"start":{"line":1,"column":31},"end":{"line":38,"column":2}},"loc":{"start":{"line":1,"column":31},"end":{"line":38,"column":2}},"line":1}},"f":{"0":9}}
}
