{"D:\\Project_KTPM\\FloginFE_BE\\frontend\\src\\components\\Product\\ProductForm.jsx": {"path":"D:\\Project_KTPM\\FloginFE_BE\\frontend\\src\\components\\Product\\ProductForm.jsx","statementMap":{"0":{"start":{"line":4,"column":32},"end":{"line":4,"column":null}},"1":{"start":{"line":5,"column":22},"end":{"line":5,"column":null}},"2":{"start":{"line":7,"column":4},"end":{"line":17,"column":null}},"3":{"start":{"line":8,"column":8},"end":{"line":16,"column":null}},"4":{"start":{"line":9,"column":12},"end":{"line":13,"column":null}},"5":{"start":{"line":15,"column":12},"end":{"line":15,"column":null}},"6":{"start":{"line":19,"column":25},"end":{"line":22,"column":null}},"7":{"start":{"line":20,"column":32},"end":{"line":20,"column":null}},"8":{"start":{"line":21,"column":8},"end":{"line":21,"column":null}},"9":{"start":{"line":21,"column":29},"end":{"line":21,"column":56}},"10":{"start":{"line":24,"column":25},"end":{"line":42,"column":null}},"11":{"start":{"line":26,"column":8},"end":{"line":26,"column":null}},"12":{"start":{"line":29,"column":28},"end":{"line":33,"column":null}},"13":{"start":{"line":36,"column":8},"end":{"line":36,"column":null}},"14":{"start":{"line":39,"column":8},"end":{"line":41,"column":null}},"15":{"start":{"line":40,"column":12},"end":{"line":40,"column":null}},"16":{"start":{"line":44,"column":4},"end":{"line":52,"column":null}}},"fnMap":{"0":{"name":"ProductForm","decl":{"start":{"line":3,"column":9},"end":{"line":3,"column":21}},"loc":{"start":{"line":3,"column":65},"end":{"line":54,"column":null}},"line":3},"1":{"name":"(anonymous_1)","decl":{"start":{"line":7,"column":14},"end":{"line":7,"column":20}},"loc":{"start":{"line":7,"column":20},"end":{"line":17,"column":7}},"line":7},"2":{"name":"(anonymous_2)","decl":{"start":{"line":19,"column":25},"end":{"line":19,"column":26}},"loc":{"start":{"line":19,"column":32},"end":{"line":22,"column":null}},"line":19},"3":{"name":"(anonymous_3)","decl":{"start":{"line":21,"column":20},"end":{"line":21,"column":29}},"loc":{"start":{"line":21,"column":29},"end":{"line":21,"column":56}},"line":21},"4":{"name":"(anonymous_4)","decl":{"start":{"line":24,"column":25},"end":{"line":24,"column":26}},"loc":{"start":{"line":24,"column":32},"end":{"line":42,"column":null}},"line":24}},"branchMap":{"0":{"loc":{"start":{"line":8,"column":8},"end":{"line":16,"column":null}},"type":"if","locations":[{"start":{"line":8,"column":8},"end":{"line":16,"column":null}},{"start":{"line":14,"column":15},"end":{"line":16,"column":null}}],"line":8},"1":{"loc":{"start":{"line":31,"column":19},"end":{"line":31,"column":null}},"type":"cond-expr","locations":[{"start":{"line":31,"column":36},"end":{"line":31,"column":65}},{"start":{"line":31,"column":65},"end":{"line":31,"column":null}}],"line":31},"2":{"loc":{"start":{"line":32,"column":22},"end":{"line":32,"column":null}},"type":"cond-expr","locations":[{"start":{"line":32,"column":42},"end":{"line":32,"column":72}},{"start":{"line":32,"column":72},"end":{"line":32,"column":null}}],"line":32},"3":{"loc":{"start":{"line":36,"column":34},"end":{"line":36,"column":73}},"type":"cond-expr","locations":[{"start":{"line":36,"column":50},"end":{"line":36,"column":69}},{"start":{"line":36,"column":69},"end":{"line":36,"column":73}}],"line":36},"4":{"loc":{"start":{"line":39,"column":8},"end":{"line":41,"column":null}},"type":"if","locations":[{"start":{"line":39,"column":8},"end":{"line":41,"column":null}},{"start":{},"end":{}}],"line":39},"5":{"loc":{"start":{"line":46,"column":17},"end":{"line":46,"column":71}},"type":"cond-expr","locations":[{"start":{"line":46,"column":29},"end":{"line":46,"column":51}},{"start":{"line":46,"column":51},"end":{"line":46,"column":71}}],"line":46},"6":{"loc":{"start":{"line":50,"column":35},"end":{"line":50,"column":71}},"type":"cond-expr","locations":[{"start":{"line":50,"column":47},"end":{"line":50,"column":64}},{"start":{"line":50,"column":64},"end":{"line":50,"column":71}}],"line":50},"7":{"loc":{"start":{"line":51,"column":13},"end":{"line":51,"column":null}},"type":"binary-expr","locations":[{"start":{"line":51,"column":13},"end":{"line":51,"column":26}},{"start":{"line":51,"column":26},"end":{"line":51,"column":null}}],"line":51}},"s":{"0":16,"1":16,"2":16,"3":4,"4":0,"5":4,"6":16,"7":6,"8":6,"9":6,"10":16,"11":2,"12":2,"13":2,"14":2,"15":2,"16":16},"f":{"0":16,"1":4,"2":6,"3":6,"4":2},"b":{"0":[0,4],"1":[1,1],"2":[1,1],"3":[0,2],"4":[2,0],"5":[0,16],"6":[0,16],"7":[16,0]},"meta":{"lastBranch":8,"lastFunction":5,"lastStatement":17,"seen":{"f:3:9:3:21":0,"s:4:32:4:Infinity":0,"s:5:22:5:Infinity":1,"s:7:4:17:Infinity":2,"f:7:14:7:20":1,"b:8:8:16:Infinity:14:15:16:Infinity":0,"s:8:8:16:Infinity":3,"s:9:12:13:Infinity":4,"s:15:12:15:Infinity":5,"s:19:25:22:Infinity":6,"f:19:25:19:26":2,"s:20:32:20:Infinity":7,"s:21:8:21:Infinity":8,"f:21:20:21:29":3,"s:21:29:21:56":9,"s:24:25:42:Infinity":10,"f:24:25:24:26":4,"s:26:8:26:Infinity":11,"s:29:28:33:Infinity":12,"b:31:36:31:65:31:65:31:Infinity":1,"b:32:42:32:72:32:72:32:Infinity":2,"s:36:8:36:Infinity":13,"b:36:50:36:69:36:69:36:73":3,"b:39:8:41:Infinity:undefined:undefined:undefined:undefined":4,"s:39:8:41:Infinity":14,"s:40:12:40:Infinity":15,"s:44:4:52:Infinity":16,"b:46:29:46:51:46:51:46:71":5,"b:50:47:50:64:50:64:50:71":6,"b:51:13:51:26:51:26:51:Infinity":7}}}
,"D:\\Project_KTPM\\FloginFE_BE\\frontend\\src\\pages\\LoginPage\\LoginPage.jsx": {"path":"D:\\Project_KTPM\\FloginFE_BE\\frontend\\src\\pages\\LoginPage\\LoginPage.jsx","statementMap":{"0":{"start":{"line":6,"column":18},"end":{"line":67,"column":null}},"1":{"start":{"line":7,"column":8},"end":{"line":7,"column":null}},"2":{"start":{"line":8,"column":30},"end":{"line":8,"column":null}},"3":{"start":{"line":9,"column":30},"end":{"line":9,"column":null}},"4":{"start":{"line":10,"column":28},"end":{"line":10,"column":null}},"5":{"start":{"line":12,"column":23},"end":{"line":24,"column":null}},"6":{"start":{"line":13,"column":4},"end":{"line":13,"column":null}},"7":{"start":{"line":14,"column":4},"end":{"line":14,"column":null}},"8":{"start":{"line":16,"column":4},"end":{"line":23,"column":null}},"9":{"start":{"line":17,"column":18},"end":{"line":17,"column":null}},"10":{"start":{"line":18,"column":6},"end":{"line":18,"column":null}},"11":{"start":{"line":19,"column":6},"end":{"line":19,"column":null}},"12":{"start":{"line":19,"column":23},"end":{"line":19,"column":46}},"13":{"start":{"line":21,"column":19},"end":{"line":21,"column":null}},"14":{"start":{"line":22,"column":6},"end":{"line":22,"column":null}},"15":{"start":{"line":26,"column":2},"end":{"line":65,"column":null}},"16":{"start":{"line":36,"column":29},"end":{"line":36,"column":null}},"17":{"start":{"line":47,"column":29},"end":{"line":47,"column":null}}},"fnMap":{"0":{"name":"(anonymous_0)","decl":{"start":{"line":6,"column":18},"end":{"line":6,"column":24}},"loc":{"start":{"line":6,"column":24},"end":{"line":67,"column":null}},"line":6},"1":{"name":"(anonymous_1)","decl":{"start":{"line":12,"column":23},"end":{"line":12,"column":30}},"loc":{"start":{"line":12,"column":36},"end":{"line":24,"column":null}},"line":12},"2":{"name":"(anonymous_2)","decl":{"start":{"line":19,"column":17},"end":{"line":19,"column":23}},"loc":{"start":{"line":19,"column":23},"end":{"line":19,"column":46}},"line":19},"3":{"name":"(anonymous_3)","decl":{"start":{"line":36,"column":22},"end":{"line":36,"column":23}},"loc":{"start":{"line":36,"column":29},"end":{"line":36,"column":null}},"line":36},"4":{"name":"(anonymous_4)","decl":{"start":{"line":47,"column":22},"end":{"line":47,"column":23}},"loc":{"start":{"line":47,"column":29},"end":{"line":47,"column":null}},"line":47}},"branchMap":{"0":{"loc":{"start":{"line":21,"column":19},"end":{"line":21,"column":null}},"type":"binary-expr","locations":[{"start":{"line":21,"column":19},"end":{"line":21,"column":50}},{"start":{"line":21,"column":50},"end":{"line":21,"column":null}}],"line":21},"1":{"loc":{"start":{"line":57,"column":7},"end":{"line":63,"column":null}},"type":"binary-expr","locations":[{"start":{"line":57,"column":7},"end":{"line":57,"column":null}},{"start":{"line":58,"column":8},"end":{"line":63,"column":null}}],"line":57},"2":{"loc":{"start":{"line":60,"column":26},"end":{"line":60,"column":71}},"type":"cond-expr","locations":[{"start":{"line":60,"column":55},"end":{"line":60,"column":65}},{"start":{"line":60,"column":65},"end":{"line":60,"column":71}}],"line":60}},"s":{"0":1,"1":10,"2":10,"3":10,"4":10,"5":10,"6":2,"7":2,"8":2,"9":2,"10":1,"11":1,"12":1,"13":1,"14":1,"15":10,"16":2,"17":2},"f":{"0":10,"1":2,"2":1,"3":2,"4":2},"b":{"0":[1,0],"1":[10,2],"2":[1,1]},"meta":{"lastBranch":3,"lastFunction":5,"lastStatement":18,"seen":{"s:6:18:67:Infinity":0,"f:6:18:6:24":0,"s:7:8:7:Infinity":1,"s:8:30:8:Infinity":2,"s:9:30:9:Infinity":3,"s:10:28:10:Infinity":4,"s:12:23:24:Infinity":5,"f:12:23:12:30":1,"s:13:4:13:Infinity":6,"s:14:4:14:Infinity":7,"s:16:4:23:Infinity":8,"s:17:18:17:Infinity":9,"s:18:6:18:Infinity":10,"s:19:6:19:Infinity":11,"f:19:17:19:23":2,"s:19:23:19:46":12,"s:21:19:21:Infinity":13,"b:21:19:21:50:21:50:21:Infinity":0,"s:22:6:22:Infinity":14,"s:26:2:65:Infinity":15,"f:36:22:36:23":3,"s:36:29:36:Infinity":16,"f:47:22:47:23":4,"s:47:29:47:Infinity":17,"b:57:7:57:Infinity:58:8:63:Infinity":1,"b:60:55:60:65:60:65:60:71":2}}}
,"D:\\Project_KTPM\\FloginFE_BE\\frontend\\src\\pages\\ProductPage\\ProductPage.jsx": {"path":"D:\\Project_KTPM\\FloginFE_BE\\frontend\\src\\pages\\ProductPage\\ProductPage.jsx","statementMap":{"0":{"start":{"line":6,"column":30},"end":{"line":6,"column":null}},"1":{"start":{"line":7,"column":22},"end":{"line":7,"column":null}},"2":{"start":{"line":8,"column":24},"end":{"line":8,"column":null}},"3":{"start":{"line":9,"column":30},"end":{"line":9,"column":null}},"4":{"start":{"line":11,"column":2},"end":{"line":13,"column":null}},"5":{"start":{"line":12,"column":4},"end":{"line":12,"column":null}},"6":{"start":{"line":15,"column":23},"end":{"line":18,"column":null}},"7":{"start":{"line":16,"column":16},"end":{"line":16,"column":null}},"8":{"start":{"line":17,"column":4},"end":{"line":17,"column":null}},"9":{"start":{"line":20,"column":23},"end":{"line":28,"column":null}},"10":{"start":{"line":21,"column":4},"end":{"line":21,"column":null}},"11":{"start":{"line":22,"column":20},"end":{"line":22,"column":null}},"12":{"start":{"line":23,"column":16},"end":{"line":23,"column":null}},"13":{"start":{"line":24,"column":4},"end":{"line":24,"column":null}},"14":{"start":{"line":24,"column":24},"end":{"line":24,"column":43}},"15":{"start":{"line":25,"column":4},"end":{"line":25,"column":null}},"16":{"start":{"line":26,"column":4},"end":{"line":26,"column":null}},"17":{"start":{"line":27,"column":4},"end":{"line":27,"column":null}},"18":{"start":{"line":30,"column":23},"end":{"line":35,"column":null}},"19":{"start":{"line":31,"column":4},"end":{"line":34,"column":null}},"20":{"start":{"line":32,"column":6},"end":{"line":32,"column":null}},"21":{"start":{"line":33,"column":6},"end":{"line":33,"column":null}},"22":{"start":{"line":33,"column":26},"end":{"line":33,"column":55}},"23":{"start":{"line":33,"column":43},"end":{"line":33,"column":54}},"24":{"start":{"line":37,"column":2},"end":{"line":87,"column":null}},"25":{"start":{"line":45,"column":25},"end":{"line":45,"column":null}},"26":{"start":{"line":51,"column":25},"end":{"line":51,"column":null}},"27":{"start":{"line":57,"column":25},"end":{"line":57,"column":null}},"28":{"start":{"line":74,"column":12},"end":{"line":83,"column":null}},"29":{"start":{"line":79,"column":39},"end":{"line":79,"column":59}}},"fnMap":{"0":{"name":"ProductPage","decl":{"start":{"line":5,"column":9},"end":{"line":5,"column":23}},"loc":{"start":{"line":5,"column":23},"end":{"line":89,"column":null}},"line":5},"1":{"name":"(anonymous_1)","decl":{"start":{"line":11,"column":12},"end":{"line":11,"column":18}},"loc":{"start":{"line":11,"column":18},"end":{"line":13,"column":5}},"line":11},"2":{"name":"(anonymous_2)","decl":{"start":{"line":15,"column":23},"end":{"line":15,"column":35}},"loc":{"start":{"line":15,"column":35},"end":{"line":18,"column":null}},"line":15},"3":{"name":"(anonymous_3)","decl":{"start":{"line":20,"column":23},"end":{"line":20,"column":30}},"loc":{"start":{"line":20,"column":36},"end":{"line":28,"column":null}},"line":20},"4":{"name":"(anonymous_4)","decl":{"start":{"line":24,"column":16},"end":{"line":24,"column":24}},"loc":{"start":{"line":24,"column":24},"end":{"line":24,"column":43}},"line":24},"5":{"name":"(anonymous_5)","decl":{"start":{"line":30,"column":23},"end":{"line":30,"column":30}},"loc":{"start":{"line":30,"column":37},"end":{"line":35,"column":null}},"line":30},"6":{"name":"(anonymous_6)","decl":{"start":{"line":33,"column":18},"end":{"line":33,"column":26}},"loc":{"start":{"line":33,"column":26},"end":{"line":33,"column":55}},"line":33},"7":{"name":"(anonymous_7)","decl":{"start":{"line":33,"column":38},"end":{"line":33,"column":43}},"loc":{"start":{"line":33,"column":43},"end":{"line":33,"column":54}},"line":33},"8":{"name":"(anonymous_8)","decl":{"start":{"line":45,"column":20},"end":{"line":45,"column":25}},"loc":{"start":{"line":45,"column":25},"end":{"line":45,"column":null}},"line":45},"9":{"name":"(anonymous_9)","decl":{"start":{"line":51,"column":20},"end":{"line":51,"column":25}},"loc":{"start":{"line":51,"column":25},"end":{"line":51,"column":null}},"line":51},"10":{"name":"(anonymous_10)","decl":{"start":{"line":57,"column":20},"end":{"line":57,"column":25}},"loc":{"start":{"line":57,"column":25},"end":{"line":57,"column":null}},"line":57},"11":{"name":"(anonymous_11)","decl":{"start":{"line":73,"column":24},"end":{"line":73,"column":null}},"loc":{"start":{"line":74,"column":12},"end":{"line":83,"column":null}},"line":74},"12":{"name":"(anonymous_12)","decl":{"start":{"line":79,"column":33},"end":{"line":79,"column":39}},"loc":{"start":{"line":79,"column":39},"end":{"line":79,"column":59}},"line":79}},"branchMap":{"0":{"loc":{"start":{"line":31,"column":4},"end":{"line":34,"column":null}},"type":"if","locations":[{"start":{"line":31,"column":4},"end":{"line":34,"column":null}},{"start":{},"end":{}}],"line":31}},"s":{"0":11,"1":11,"2":11,"3":11,"4":11,"5":3,"6":11,"7":3,"8":3,"9":11,"10":1,"11":1,"12":1,"13":1,"14":1,"15":1,"16":1,"17":1,"18":11,"19":1,"20":1,"21":1,"22":1,"23":2,"24":11,"25":1,"26":1,"27":1,"28":16,"29":1},"f":{"0":11,"1":3,"2":3,"3":1,"4":1,"5":1,"6":1,"7":2,"8":1,"9":1,"10":1,"11":16,"12":1},"b":{"0":[1,0]},"meta":{"lastBranch":1,"lastFunction":13,"lastStatement":30,"seen":{"f:5:9:5:23":0,"s:6:30:6:Infinity":0,"s:7:22:7:Infinity":1,"s:8:24:8:Infinity":2,"s:9:30:9:Infinity":3,"s:11:2:13:Infinity":4,"f:11:12:11:18":1,"s:12:4:12:Infinity":5,"s:15:23:18:Infinity":6,"f:15:23:15:35":2,"s:16:16:16:Infinity":7,"s:17:4:17:Infinity":8,"s:20:23:28:Infinity":9,"f:20:23:20:30":3,"s:21:4:21:Infinity":10,"s:22:20:22:Infinity":11,"s:23:16:23:Infinity":12,"s:24:4:24:Infinity":13,"f:24:16:24:24":4,"s:24:24:24:43":14,"s:25:4:25:Infinity":15,"s:26:4:26:Infinity":16,"s:27:4:27:Infinity":17,"s:30:23:35:Infinity":18,"f:30:23:30:30":5,"b:31:4:34:Infinity:undefined:undefined:undefined:undefined":0,"s:31:4:34:Infinity":19,"s:32:6:32:Infinity":20,"s:33:6:33:Infinity":21,"f:33:18:33:26":6,"s:33:26:33:55":22,"f:33:38:33:43":7,"s:33:43:33:54":23,"s:37:2:87:Infinity":24,"f:45:20:45:25":8,"s:45:25:45:Infinity":25,"f:51:20:51:25":9,"s:51:25:51:Infinity":26,"f:57:20:57:25":10,"s:57:25:57:Infinity":27,"f:73:24:73:Infinity":11,"s:74:12:83:Infinity":28,"f:79:33:79:39":12,"s:79:39:79:59":29}}}
,"D:\\Project_KTPM\\FloginFE_BE\\frontend\\src\\utils\\loginValidation.js": {"path":"D:\\Project_KTPM\\FloginFE_BE\\frontend\\src\\utils\\loginValidation.js","statementMap":{"0":{"start":{"line":1,"column":32},"end":{"line":20,"column":1}},"1":{"start":{"line":3,"column":4},"end":{"line":5,"column":5}},"2":{"start":{"line":4,"column":8},"end":{"line":4,"column":51}},"3":{"start":{"line":7,"column":4},"end":{"line":9,"column":5}},"4":{"start":{"line":8,"column":8},"end":{"line":8,"column":55}},"5":{"start":{"line":11,"column":4},"end":{"line":13,"column":5}},"6":{"start":{"line":12,"column":8},"end":{"line":12,"column":60}},"7":{"start":{"line":15,"column":4},"end":{"line":17,"column":5}},"8":{"start":{"line":16,"column":8},"end":{"line":16,"column":75}},"9":{"start":{"line":19,"column":4},"end":{"line":19,"column":14}},"10":{"start":{"line":22,"column":32},"end":{"line":45,"column":1}},"11":{"start":{"line":24,"column":4},"end":{"line":26,"column":5}},"12":{"start":{"line":25,"column":8},"end":{"line":25,"column":46}},"13":{"start":{"line":28,"column":4},"end":{"line":30,"column":5}},"14":{"start":{"line":29,"column":8},"end":{"line":29,"column":50}},"15":{"start":{"line":32,"column":4},"end":{"line":34,"column":5}},"16":{"start":{"line":33,"column":8},"end":{"line":33,"column":56}},"17":{"start":{"line":36,"column":4},"end":{"line":38,"column":5}},"18":{"start":{"line":37,"column":8},"end":{"line":37,"column":56}},"19":{"start":{"line":40,"column":4},"end":{"line":42,"column":5}},"20":{"start":{"line":41,"column":8},"end":{"line":41,"column":55}},"21":{"start":{"line":44,"column":4},"end":{"line":44,"column":14}}},"fnMap":{"0":{"name":"(anonymous_0)","decl":{"start":{"line":1,"column":32},"end":{"line":1,"column":33}},"loc":{"start":{"line":1,"column":46},"end":{"line":20,"column":1}},"line":1},"1":{"name":"(anonymous_1)","decl":{"start":{"line":22,"column":32},"end":{"line":22,"column":33}},"loc":{"start":{"line":22,"column":46},"end":{"line":45,"column":1}},"line":22}},"branchMap":{"0":{"loc":{"start":{"line":3,"column":4},"end":{"line":5,"column":5}},"type":"if","locations":[{"start":{"line":3,"column":4},"end":{"line":5,"column":5}},{"start":{},"end":{}}],"line":3},"1":{"loc":{"start":{"line":7,"column":4},"end":{"line":9,"column":5}},"type":"if","locations":[{"start":{"line":7,"column":4},"end":{"line":9,"column":5}},{"start":{},"end":{}}],"line":7},"2":{"loc":{"start":{"line":11,"column":4},"end":{"line":13,"column":5}},"type":"if","locations":[{"start":{"line":11,"column":4},"end":{"line":13,"column":5}},{"start":{},"end":{}}],"line":11},"3":{"loc":{"start":{"line":15,"column":4},"end":{"line":17,"column":5}},"type":"if","locations":[{"start":{"line":15,"column":4},"end":{"line":17,"column":5}},{"start":{},"end":{}}],"line":15},"4":{"loc":{"start":{"line":24,"column":4},"end":{"line":26,"column":5}},"type":"if","locations":[{"start":{"line":24,"column":4},"end":{"line":26,"column":5}},{"start":{},"end":{}}],"line":24},"5":{"loc":{"start":{"line":28,"column":4},"end":{"line":30,"column":5}},"type":"if","locations":[{"start":{"line":28,"column":4},"end":{"line":30,"column":5}},{"start":{},"end":{}}],"line":28},"6":{"loc":{"start":{"line":32,"column":4},"end":{"line":34,"column":5}},"type":"if","locations":[{"start":{"line":32,"column":4},"end":{"line":34,"column":5}},{"start":{},"end":{}}],"line":32},"7":{"loc":{"start":{"line":36,"column":4},"end":{"line":38,"column":5}},"type":"if","locations":[{"start":{"line":36,"column":4},"end":{"line":38,"column":5}},{"start":{},"end":{}}],"line":36},"8":{"loc":{"start":{"line":40,"column":4},"end":{"line":42,"column":5}},"type":"if","locations":[{"start":{"line":40,"column":4},"end":{"line":42,"column":5}},{"start":{},"end":{}}],"line":40}},"s":{"0":1,"1":5,"2":1,"3":4,"4":1,"5":3,"6":1,"7":2,"8":1,"9":1,"10":1,"11":6,"12":1,"13":5,"14":1,"15":4,"16":1,"17":3,"18":1,"19":2,"20":1,"21":1},"f":{"0":5,"1":6},"b":{"0":[1,4],"1":[1,3],"2":[1,2],"3":[1,1],"4":[1,5],"5":[1,4],"6":[1,3],"7":[1,2],"8":[1,1]},"meta":{"lastBranch":9,"lastFunction":2,"lastStatement":22,"seen":{"s:1:32:20:1":0,"f:1:32:1:33":0,"b:3:4:5:5:undefined:undefined:undefined:undefined":0,"s:3:4:5:5":1,"s:4:8:4:51":2,"b:7:4:9:5:undefined:undefined:undefined:undefined":1,"s:7:4:9:5":3,"s:8:8:8:55":4,"b:11:4:13:5:undefined:undefined:undefined:undefined":2,"s:11:4:13:5":5,"s:12:8:12:60":6,"b:15:4:17:5:undefined:undefined:undefined:undefined":3,"s:15:4:17:5":7,"s:16:8:16:75":8,"s:19:4:19:14":9,"s:22:32:45:1":10,"f:22:32:22:33":1,"b:24:4:26:5:undefined:undefined:undefined:undefined":4,"s:24:4:26:5":11,"s:25:8:25:46":12,"b:28:4:30:5:undefined:undefined:undefined:undefined":5,"s:28:4:30:5":13,"s:29:8:29:50":14,"b:32:4:34:5:undefined:undefined:undefined:undefined":6,"s:32:4:34:5":15,"s:33:8:33:56":16,"b:36:4:38:5:undefined:undefined:undefined:undefined":7,"s:36:4:38:5":17,"s:37:8:37:56":18,"b:40:4:42:5:undefined:undefined:undefined:undefined":8,"s:40:4:42:5":19,"s:41:8:41:55":20,"s:44:4:44:14":21}}}
,"D:\\Project_KTPM\\FloginFE_BE\\frontend\\src\\utils\\productValidation.js": {"path":"D:\\Project_KTPM\\FloginFE_BE\\frontend\\src\\utils\\productValidation.js","statementMap":{"0":{"start":{"line":1,"column":31},"end":{"line":38,"column":1}},"1":{"start":{"line":2,"column":19},"end":{"line":2,"column":21}},"2":{"start":{"line":5,"column":4},"end":{"line":11,"column":5}},"3":{"start":{"line":6,"column":8},"end":{"line":6,"column":57}},"4":{"start":{"line":7,"column":11},"end":{"line":11,"column":5}},"5":{"start":{"line":8,"column":8},"end":{"line":8,"column":61}},"6":{"start":{"line":9,"column":11},"end":{"line":11,"column":5}},"7":{"start":{"line":10,"column":8},"end":{"line":10,"column":67}},"8":{"start":{"line":14,"column":4},"end":{"line":18,"column":5}},"9":{"start":{"line":15,"column":8},"end":{"line":15,"column":58}},"10":{"start":{"line":16,"column":11},"end":{"line":18,"column":5}},"11":{"start":{"line":17,"column":8},"end":{"line":17,"column":53}},"12":{"start":{"line":21,"column":4},"end":{"line":25,"column":5}},"13":{"start":{"line":22,"column":8},"end":{"line":22,"column":57}},"14":{"start":{"line":23,"column":11},"end":{"line":25,"column":5}},"15":{"start":{"line":24,"column":8},"end":{"line":24,"column":57}},"16":{"start":{"line":28,"column":4},"end":{"line":30,"column":5}},"17":{"start":{"line":29,"column":8},"end":{"line":29,"column":67}},"18":{"start":{"line":33,"column":4},"end":{"line":35,"column":5}},"19":{"start":{"line":34,"column":8},"end":{"line":34,"column":57}},"20":{"start":{"line":37,"column":4},"end":{"line":37,"column":18}}},"fnMap":{"0":{"name":"(anonymous_0)","decl":{"start":{"line":1,"column":31},"end":{"line":1,"column":32}},"loc":{"start":{"line":1,"column":44},"end":{"line":38,"column":1}},"line":1}},"branchMap":{"0":{"loc":{"start":{"line":5,"column":4},"end":{"line":11,"column":5}},"type":"if","locations":[{"start":{"line":5,"column":4},"end":{"line":11,"column":5}},{"start":{"line":7,"column":11},"end":{"line":11,"column":5}}],"line":5},"1":{"loc":{"start":{"line":5,"column":8},"end":{"line":5,"column":51}},"type":"binary-expr","locations":[{"start":{"line":5,"column":8},"end":{"line":5,"column":21}},{"start":{"line":5,"column":25},"end":{"line":5,"column":51}}],"line":5},"2":{"loc":{"start":{"line":7,"column":11},"end":{"line":11,"column":5}},"type":"if","locations":[{"start":{"line":7,"column":11},"end":{"line":11,"column":5}},{"start":{"line":9,"column":11},"end":{"line":11,"column":5}}],"line":7},"3":{"loc":{"start":{"line":9,"column":11},"end":{"line":11,"column":5}},"type":"if","locations":[{"start":{"line":9,"column":11},"end":{"line":11,"column":5}},{"start":{},"end":{}}],"line":9},"4":{"loc":{"start":{"line":14,"column":4},"end":{"line":18,"column":5}},"type":"if","locations":[{"start":{"line":14,"column":4},"end":{"line":18,"column":5}},{"start":{"line":16,"column":11},"end":{"line":18,"column":5}}],"line":14},"5":{"loc":{"start":{"line":14,"column":8},"end":{"line":14,"column":85}},"type":"binary-expr","locations":[{"start":{"line":14,"column":8},"end":{"line":14,"column":35}},{"start":{"line":14,"column":39},"end":{"line":14,"column":61}},{"start":{"line":14,"column":65},"end":{"line":14,"column":85}}],"line":14},"6":{"loc":{"start":{"line":16,"column":11},"end":{"line":18,"column":5}},"type":"if","locations":[{"start":{"line":16,"column":11},"end":{"line":18,"column":5}},{"start":{},"end":{}}],"line":16},"7":{"loc":{"start":{"line":16,"column":15},"end":{"line":16,"column":65}},"type":"binary-expr","locations":[{"start":{"line":16,"column":15},"end":{"line":16,"column":35}},{"start":{"line":16,"column":39},"end":{"line":16,"column":65}}],"line":16},"8":{"loc":{"start":{"line":21,"column":4},"end":{"line":25,"column":5}},"type":"if","locations":[{"start":{"line":21,"column":4},"end":{"line":25,"column":5}},{"start":{"line":23,"column":11},"end":{"line":25,"column":5}}],"line":21},"9":{"loc":{"start":{"line":21,"column":8},"end":{"line":21,"column":94}},"type":"binary-expr","locations":[{"start":{"line":21,"column":8},"end":{"line":21,"column":38}},{"start":{"line":21,"column":42},"end":{"line":21,"column":67}},{"start":{"line":21,"column":71},"end":{"line":21,"column":94}}],"line":21},"10":{"loc":{"start":{"line":23,"column":11},"end":{"line":25,"column":5}},"type":"if","locations":[{"start":{"line":23,"column":11},"end":{"line":25,"column":5}},{"start":{},"end":{}}],"line":23},"11":{"loc":{"start":{"line":23,"column":15},"end":{"line":23,"column":70}},"type":"binary-expr","locations":[{"start":{"line":23,"column":15},"end":{"line":23,"column":38}},{"start":{"line":23,"column":42},"end":{"line":23,"column":70}}],"line":23},"12":{"loc":{"start":{"line":28,"column":4},"end":{"line":30,"column":5}},"type":"if","locations":[{"start":{"line":28,"column":4},"end":{"line":30,"column":5}},{"start":{},"end":{}}],"line":28},"13":{"loc":{"start":{"line":28,"column":8},"end":{"line":28,"column":63}},"type":"binary-expr","locations":[{"start":{"line":28,"column":8},"end":{"line":28,"column":27}},{"start":{"line":28,"column":31},"end":{"line":28,"column":63}}],"line":28},"14":{"loc":{"start":{"line":33,"column":4},"end":{"line":35,"column":5}},"type":"if","locations":[{"start":{"line":33,"column":4},"end":{"line":35,"column":5}},{"start":{},"end":{}}],"line":33},"15":{"loc":{"start":{"line":33,"column":8},"end":{"line":33,"column":59}},"type":"binary-expr","locations":[{"start":{"line":33,"column":8},"end":{"line":33,"column":25}},{"start":{"line":33,"column":29},"end":{"line":33,"column":59}}],"line":33}},"s":{"0":1,"1":9,"2":9,"3":1,"4":8,"5":1,"6":7,"7":1,"8":9,"9":1,"10":8,"11":1,"12":9,"13":1,"14":8,"15":1,"16":9,"17":1,"18":9,"19":1,"20":9},"f":{"0":9},"b":{"0":[1,8],"1":[9,8],"2":[1,7],"3":[1,6],"4":[1,8],"5":[9,9,9],"6":[1,7],"7":[8,8],"8":[1,8],"9":[9,9,9],"10":[1,7],"11":[8,8],"12":[1,8],"13":[9,1],"14":[1,8],"15":[9,8]},"meta":{"lastBranch":16,"lastFunction":1,"lastStatement":21,"seen":{"s:1:31:38:1":0,"f:1:31:1:32":0,"s:2:19:2:21":1,"b:5:4:11:5:7:11:11:5":0,"s:5:4:11:5":2,"b:5:8:5:21:5:25:5:51":1,"s:6:8:6:57":3,"b:7:11:11:5:9:11:11:5":2,"s:7:11:11:5":4,"s:8:8:8:61":5,"b:9:11:11:5:undefined:undefined:undefined:undefined":3,"s:9:11:11:5":6,"s:10:8:10:67":7,"b:14:4:18:5:16:11:18:5":4,"s:14:4:18:5":8,"b:14:8:14:35:14:39:14:61:14:65:14:85":5,"s:15:8:15:58":9,"b:16:11:18:5:undefined:undefined:undefined:undefined":6,"s:16:11:18:5":10,"b:16:15:16:35:16:39:16:65":7,"s:17:8:17:53":11,"b:21:4:25:5:23:11:25:5":8,"s:21:4:25:5":12,"b:21:8:21:38:21:42:21:67:21:71:21:94":9,"s:22:8:22:57":13,"b:23:11:25:5:undefined:undefined:undefined:undefined":10,"s:23:11:25:5":14,"b:23:15:23:38:23:42:23:70":11,"s:24:8:24:57":15,"b:28:4:30:5:undefined:undefined:undefined:undefined":12,"s:28:4:30:5":16,"b:28:8:28:27:28:31:28:63":13,"s:29:8:29:67":17,"b:33:4:35:5:undefined:undefined:undefined:undefined":14,"s:33:4:35:5":18,"b:33:8:33:25:33:29:33:59":15,"s:34:8:34:57":19,"s:37:4:37:18":20}}}
}
