# JRE version: Java(TM) SE Runtime Environment (23.0.1+11) (build 23.0.1+11-39)
# Java VM: Java HotSpot(TM) 64-Bit Server VM (23.0.1+11-39, mixed mode, sharing, tiered, compressed oops, compressed class ptrs, g1 gc, windows-amd64)
GC Precious Log:
 CardTable entry size: 512
 Card Set container configuration: InlinePtr #cards 5 size 8 Array Of Cards #cards 10 size 36 Howl #buckets 4 coarsen threshold 1843 Howl Bitmap #cards 512 size 80 coarsen threshold 460 Card regions per heap region 1 cards per card region 2048
 CPUs: 4 total, 4 available
 Memory: 3975M
 Large Page Support: Disabled
 NUMA Support: Disabled
 Compressed Oops: Enabled (32-bit)
 Heap Region Size: 1M
 Heap Min Capacity: 8M
 Heap Initial Capacity: 64M
 Heap Max Capacity: 994M
 Pre-touch: Disabled
 Parallel Workers: 4
 Concurrent Workers: 1
 Concurrent Refinement Workers: 4
 Periodic GC: Disabled
Heap:
 garbage-first heap   total reserved 1017856K, committed 93184K, used 33780K [0x00000000c1e00000, 0x0000000100000000)
  region size 1024K, 19 young (19456K), 6 survivors (6144K)
 Metaspace       used 27135K, committed 27520K, reserved 1114112K
  class space    used 3140K, committed 3328K, reserved 1048576K
GC Heap History (20 events):
Event: 1.703 GC heap before
{Heap before GC invocations=0 (full 0):
 garbage-first heap   total reserved 1017856K, committed 65536K, used 14336K [0x00000000c1e00000, 0x0000000100000000)
  region size 1024K, 14 young (14336K), 0 survivors (0K)
 Metaspace       used 4028K, committed 4224K, reserved 1114112K
  class space    used 435K, committed 512K, reserved 1048576K
}
Event: 1.716 GC heap after
{Heap after GC invocations=1 (full 0):
 garbage-first heap   total reserved 1017856K, committed 65536K, used 3232K [0x00000000c1e00000, 0x0000000100000000)
  region size 1024K, 2 young (2048K), 2 survivors (2048K)
 Metaspace       used 4028K, committed 4224K, reserved 1114112K
  class space    used 435K, committed 512K, reserved 1048576K
}
Event: 2.414 GC heap before
{Heap before GC invocations=1 (full 0):
 garbage-first heap   total reserved 1017856K, committed 65536K, used 15520K [0x00000000c1e00000, 0x0000000100000000)
  region size 1024K, 14 young (14336K), 2 survivors (2048K)
 Metaspace       used 5986K, committed 6080K, reserved 1114112K
  class space    used 741K, committed 768K, reserved 1048576K
}
Event: 2.424 GC heap after
{Heap after GC invocations=2 (full 0):
 garbage-first heap   total reserved 1017856K, committed 65536K, used 4004K [0x00000000c1e00000, 0x0000000100000000)
  region size 1024K, 1 young (1024K), 1 survivors (1024K)
 Metaspace       used 5986K, committed 6080K, reserved 1114112K
  class space    used 741K, committed 768K, reserved 1048576K
}
Event: 7.037 GC heap before
{Heap before GC invocations=2 (full 0):
 garbage-first heap   total reserved 1017856K, committed 65536K, used 35748K [0x00000000c1e00000, 0x0000000100000000)
  region size 1024K, 32 young (32768K), 1 survivors (1024K)
 Metaspace       used 11004K, committed 11264K, reserved 1114112K
  class space    used 1367K, committed 1472K, reserved 1048576K
}
Event: 7.049 GC heap after
{Heap after GC invocations=3 (full 0):
 garbage-first heap   total reserved 1017856K, committed 65536K, used 6014K [0x00000000c1e00000, 0x0000000100000000)
  region size 1024K, 3 young (3072K), 3 survivors (3072K)
 Metaspace       used 11004K, committed 11264K, reserved 1114112K
  class space    used 1367K, committed 1472K, reserved 1048576K
}
Event: 10.387 GC heap before
{Heap before GC invocations=3 (full 0):
 garbage-first heap   total reserved 1017856K, committed 65536K, used 36734K [0x00000000c1e00000, 0x0000000100000000)
  region size 1024K, 33 young (33792K), 3 survivors (3072K)
 Metaspace       used 15204K, committed 15424K, reserved 1114112K
  class space    used 1877K, committed 1984K, reserved 1048576K
}
Event: 10.411 GC heap after
{Heap after GC invocations=4 (full 0):
 garbage-first heap   total reserved 1017856K, committed 65536K, used 9369K [0x00000000c1e00000, 0x0000000100000000)
  region size 1024K, 5 young (5120K), 5 survivors (5120K)
 Metaspace       used 15204K, committed 15424K, reserved 1114112K
  class space    used 1877K, committed 1984K, reserved 1048576K
}
Event: 12.877 GC heap before
{Heap before GC invocations=4 (full 0):
 garbage-first heap   total reserved 1017856K, committed 65536K, used 42137K [0x00000000c1e00000, 0x0000000100000000)
  region size 1024K, 37 young (37888K), 5 survivors (5120K)
 Metaspace       used 15985K, committed 16256K, reserved 1114112K
  class space    used 1943K, committed 2048K, reserved 1048576K
}
Event: 12.914 GC heap after
{Heap after GC invocations=5 (full 0):
 garbage-first heap   total reserved 1017856K, committed 65536K, used 13589K [0x00000000c1e00000, 0x0000000100000000)
  region size 1024K, 4 young (4096K), 4 survivors (4096K)
 Metaspace       used 15985K, committed 16256K, reserved 1114112K
  class space    used 1943K, committed 2048K, reserved 1048576K
}
Event: 17.047 GC heap before
{Heap before GC invocations=5 (full 0):
 garbage-first heap   total reserved 1017856K, committed 65536K, used 45333K [0x00000000c1e00000, 0x0000000100000000)
  region size 1024K, 35 young (35840K), 4 survivors (4096K)
 Metaspace       used 16479K, committed 16768K, reserved 1114112K
  class space    used 1963K, committed 2112K, reserved 1048576K
}
Event: 17.061 GC heap after
{Heap after GC invocations=6 (full 0):
 garbage-first heap   total reserved 1017856K, committed 65536K, used 14470K [0x00000000c1e00000, 0x0000000100000000)
  region size 1024K, 2 young (2048K), 2 survivors (2048K)
 Metaspace       used 16479K, committed 16768K, reserved 1114112K
  class space    used 1963K, committed 2112K, reserved 1048576K
}
Event: 19.080 GC heap before
{Heap before GC invocations=6 (full 0):
 garbage-first heap   total reserved 1017856K, committed 65536K, used 42118K [0x00000000c1e00000, 0x0000000100000000)
  region size 1024K, 22 young (22528K), 2 survivors (2048K)
 Metaspace       used 17703K, committed 17984K, reserved 1114112K
  class space    used 2103K, committed 2240K, reserved 1048576K
}
Event: 19.089 GC heap after
{Heap after GC invocations=7 (full 0):
 garbage-first heap   total reserved 1017856K, committed 65536K, used 24325K [0x00000000c1e00000, 0x0000000100000000)
  region size 1024K, 3 young (3072K), 3 survivors (3072K)
 Metaspace       used 17703K, committed 17984K, reserved 1114112K
  class space    used 2103K, committed 2240K, reserved 1048576K
}
Event: 19.094 GC heap before
{Heap before GC invocations=7 (full 0):
 garbage-first heap   total reserved 1017856K, committed 65536K, used 36613K [0x00000000c1e00000, 0x0000000100000000)
  region size 1024K, 4 young (4096K), 3 survivors (3072K)
 Metaspace       used 17703K, committed 17984K, reserved 1114112K
  class space    used 2103K, committed 2240K, reserved 1048576K
}
Event: 19.101 GC heap after
{Heap after GC invocations=8 (full 0):
 garbage-first heap   total reserved 1017856K, committed 65536K, used 36605K [0x00000000c1e00000, 0x0000000100000000)
  region size 1024K, 2 young (2048K), 2 survivors (2048K)
 Metaspace       used 17703K, committed 17984K, reserved 1114112K
  class space    used 2103K, committed 2240K, reserved 1048576K
}
Event: 19.921 GC heap before
{Heap before GC invocations=9 (full 0):
 garbage-first heap   total reserved 1017856K, committed 90112K, used 89853K [0x00000000c1e00000, 0x0000000100000000)
  region size 1024K, 10 young (10240K), 2 survivors (2048K)
 Metaspace       used 17782K, committed 18048K, reserved 1114112K
  class space    used 2110K, committed 2240K, reserved 1048576K
}
Event: 19.929 GC heap after
{Heap after GC invocations=10 (full 0):
 garbage-first heap   total reserved 1017856K, committed 93184K, used 16834K [0x00000000c1e00000, 0x0000000100000000)
  region size 1024K, 1 young (1024K), 1 survivors (1024K)
 Metaspace       used 17782K, committed 18048K, reserved 1114112K
  class space    used 2110K, committed 2240K, reserved 1048576K
}
Event: 32.535 GC heap before
{Heap before GC invocations=10 (full 0):
 garbage-first heap   total reserved 1017856K, committed 93184K, used 70082K [0x00000000c1e00000, 0x0000000100000000)
  region size 1024K, 54 young (55296K), 1 survivors (1024K)
 Metaspace       used 26867K, committed 27264K, reserved 1114112K
  class space    used 3132K, committed 3328K, reserved 1048576K
}
Event: 32.567 GC heap after
{Heap after GC invocations=11 (full 0):
 garbage-first heap   total reserved 1017856K, committed 93184K, used 21492K [0x00000000c1e00000, 0x0000000100000000)
  region size 1024K, 6 young (6144K), 6 survivors (6144K)
 Metaspace       used 26867K, committed 27264K, reserved 1114112K
  class space    used 3132K, committed 3328K, reserved 1048576K
}

